TpTrace Verbose: 0 : 15720, 1, 2023/09/05, 13:40:13.760, 910583721774, vstest.console.dll, Version: 17.6.3-release-20230616-01 Current process architecture: X64
TpTrace Verbose: 0 : 15720, 1, 2023/09/05, 13:40:13.762, 910583742746, vstest.console.dll, Runtime location: C:\Program Files\dotnet\shared\Microsoft.NETCore.App\7.0.9
TpTrace Verbose: 0 : 15720, 1, 2023/09/05, 13:40:13.774, 910583855178, vstest.console.dll, ArtifactProcessingPostProcessModeProcessorExecutor.Initialize: ArtifactProcessingMode.Collect
TpTrace Verbose: 0 : 15720, 1, 2023/09/05, 13:40:13.774, 910583857136, vstest.console.dll, TestSessionCorrelationIdProcessorModeProcessorExecutor.Initialize: TestSessionCorrelationId '9876_d92358af-1115-4952-81db-3e171b2aa46e'
TpTrace Information: 0 : 15720, 1, 2023/09/05, 13:40:13.787, 910583988438, vstest.console.dll, FilePatternParser: The given file D:\newRepQS\testesQS\QualidadeSW\triangulo.testes\bin\Debug\net6.0\fine-code-coverage\build-output\triangulo.testes.dll is a full path.
TpTrace Verbose: 0 : 15720, 1, 2023/09/05, 13:40:13.803, 910584148145, vstest.console.dll, TestPluginCache.DiscoverTestExtensions: finding test extensions in assemblies ends with: RuntimeProvider.dll TPluginInfo: Microsoft.VisualStudio.TestPlatform.Common.ExtensionFramework.Utilities.TestRuntimePluginInformation TExtension: Microsoft.VisualStudio.TestPlatform.ObjectModel.Host.ITestRuntimeProvider
TpTrace Verbose: 0 : 15720, 1, 2023/09/05, 13:40:13.804, 910584161313, vstest.console.dll, TestPluginCache.GetExtensionPaths: Filtered extension paths: 
TpTrace Verbose: 0 : 15720, 1, 2023/09/05, 13:40:13.804, 910584163132, vstest.console.dll, TestPluginCache.GetExtensionPaths: Added default extension paths: C:\Program Files\dotnet\sdk\7.0.306\Extensions\Microsoft.Diagnostics.NETCore.Client.dll
C:\Program Files\dotnet\sdk\7.0.306\Extensions\Microsoft.TestPlatform.Extensions.BlameDataCollector.dll
C:\Program Files\dotnet\sdk\7.0.306\Extensions\Microsoft.TestPlatform.Extensions.EventLogCollector.dll
C:\Program Files\dotnet\sdk\7.0.306\Extensions\Microsoft.TestPlatform.TestHostRuntimeProvider.dll
C:\Program Files\dotnet\sdk\7.0.306\Extensions\Microsoft.VisualStudio.TestPlatform.Extensions.Html.TestLogger.dll
C:\Program Files\dotnet\sdk\7.0.306\Extensions\Microsoft.VisualStudio.TestPlatform.Extensions.Trx.TestLogger.dll
TpTrace Verbose: 0 : 15720, 1, 2023/09/05, 13:40:13.805, 910584163670, vstest.console.dll, TestPluginCache.GetExtensionPaths: Added unfilterableExtensionPaths: 
TpTrace Information: 0 : 15720, 1, 2023/09/05, 13:40:13.806, 910584175154, vstest.console.dll, AssemblyResolver.ctor: Creating AssemblyResolver with searchDirectories C:\Program Files\dotnet\sdk\7.0.306\Extensions,C:\Program Files\dotnet\sdk\7.0.306
TpTrace Verbose: 0 : 15720, 1, 2023/09/05, 13:40:13.807, 910584188028, vstest.console.dll, TestPluginCache.DiscoverTestExtensions: Discovering the extensions using extension path.
TpTrace Verbose: 0 : 15720, 1, 2023/09/05, 13:40:13.807, 910584190287, vstest.console.dll, TestPluginCache.GetExtensionPaths: Filtered extension paths: 
TpTrace Verbose: 0 : 15720, 1, 2023/09/05, 13:40:13.807, 910584190812, vstest.console.dll, TestPluginCache.GetExtensionPaths: Added default extension paths: C:\Program Files\dotnet\sdk\7.0.306\Extensions\Microsoft.Diagnostics.NETCore.Client.dll
C:\Program Files\dotnet\sdk\7.0.306\Extensions\Microsoft.TestPlatform.Extensions.BlameDataCollector.dll
C:\Program Files\dotnet\sdk\7.0.306\Extensions\Microsoft.TestPlatform.Extensions.EventLogCollector.dll
C:\Program Files\dotnet\sdk\7.0.306\Extensions\Microsoft.TestPlatform.TestHostRuntimeProvider.dll
C:\Program Files\dotnet\sdk\7.0.306\Extensions\Microsoft.VisualStudio.TestPlatform.Extensions.Html.TestLogger.dll
C:\Program Files\dotnet\sdk\7.0.306\Extensions\Microsoft.VisualStudio.TestPlatform.Extensions.Trx.TestLogger.dll
TpTrace Verbose: 0 : 15720, 1, 2023/09/05, 13:40:13.807, 910584191192, vstest.console.dll, TestPluginCache.GetExtensionPaths: Added unfilterableExtensionPaths: 
TpTrace Verbose: 0 : 15720, 1, 2023/09/05, 13:40:13.807, 910584192378, vstest.console.dll, TestPluginCache.DiscoverTestExtensions: Discovering the extensions using allExtensionPaths: C:\Program Files\dotnet\sdk\7.0.306\Extensions\Microsoft.Diagnostics.NETCore.Client.dll
C:\Program Files\dotnet\sdk\7.0.306\Extensions\Microsoft.TestPlatform.Extensions.BlameDataCollector.dll
C:\Program Files\dotnet\sdk\7.0.306\Extensions\Microsoft.TestPlatform.Extensions.EventLogCollector.dll
C:\Program Files\dotnet\sdk\7.0.306\Extensions\Microsoft.TestPlatform.TestHostRuntimeProvider.dll
C:\Program Files\dotnet\sdk\7.0.306\Extensions\Microsoft.VisualStudio.TestPlatform.Extensions.Html.TestLogger.dll
C:\Program Files\dotnet\sdk\7.0.306\Extensions\Microsoft.VisualStudio.TestPlatform.Extensions.Trx.TestLogger.dll
TpTrace Information: 0 : 15720, 1, 2023/09/05, 13:40:13.808, 910584194538, vstest.console.dll, AssemblyResolver.AddSearchDirectories: Adding more searchDirectories C:\Program Files\dotnet\sdk\7.0.306\Extensions,C:\Program Files\dotnet\sdk\7.0.306
TpTrace Information: 0 : 15720, 1, 2023/09/05, 13:40:13.808, 910584195424, vstest.console.dll, AssemblyResolver.AddSearchDirectories: Adding more searchDirectories C:\Program Files\dotnet\sdk\7.0.306\Extensions,C:\Program Files\dotnet\sdk\7.0.306
TpTrace Information: 0 : 15720, 1, 2023/09/05, 13:40:13.808, 910584195826, vstest.console.dll, AssemblyResolver.AddSearchDirectories: Adding more searchDirectories C:\Program Files\dotnet\sdk\7.0.306\Extensions,C:\Program Files\dotnet\sdk\7.0.306
TpTrace Information: 0 : 15720, 1, 2023/09/05, 13:40:13.808, 910584196201, vstest.console.dll, AssemblyResolver.AddSearchDirectories: Adding more searchDirectories C:\Program Files\dotnet\sdk\7.0.306\Extensions,C:\Program Files\dotnet\sdk\7.0.306
TpTrace Information: 0 : 15720, 1, 2023/09/05, 13:40:13.808, 910584196525, vstest.console.dll, AssemblyResolver.AddSearchDirectories: Adding more searchDirectories C:\Program Files\dotnet\sdk\7.0.306\Extensions,C:\Program Files\dotnet\sdk\7.0.306
TpTrace Information: 0 : 15720, 1, 2023/09/05, 13:40:13.808, 910584196833, vstest.console.dll, AssemblyResolver.AddSearchDirectories: Adding more searchDirectories C:\Program Files\dotnet\sdk\7.0.306\Extensions,C:\Program Files\dotnet\sdk\7.0.306
TpTrace Information: 0 : 15720, 1, 2023/09/05, 13:40:13.808, 910584201587, vstest.console.dll, AssemblyResolver.OnResolve: Microsoft.Diagnostics.NETCore.Client: Resolving assembly.
TpTrace Information: 0 : 15720, 1, 2023/09/05, 13:40:13.808, 910584202543, vstest.console.dll, AssemblyResolver.OnResolve: Microsoft.Diagnostics.NETCore.Client: Searching in: 'C:\Program Files\dotnet\sdk\7.0.306\Extensions'.
TpTrace Information: 0 : 15720, 1, 2023/09/05, 13:40:13.820, 910584316191, vstest.console.dll, AssemblyResolver.OnResolve: Microsoft.Diagnostics.NETCore.Client: Loading assembly 'C:\Program Files\dotnet\sdk\7.0.306\Extensions\Microsoft.Diagnostics.NETCore.Client.dll'.
TpTrace Information: 0 : 15720, 1, 2023/09/05, 13:40:13.823, 910584350512, vstest.console.dll, AssemblyResolver.OnResolve: Resolved assembly: Microsoft.Diagnostics.NETCore.Client, from path: C:\Program Files\dotnet\sdk\7.0.306\Extensions\Microsoft.Diagnostics.NETCore.Client.dll
TpTrace Verbose: 0 : 15720, 1, 2023/09/05, 13:40:13.824, 910584362757, vstest.console.dll, MetadataReaderExtensionsHelper: Discovering extensions inside assembly 'Microsoft.Diagnostics.NETCore.Client, Version=0.2.6.42401, Culture=neutral, PublicKeyToken=31bf3856ad364e35' file path 'C:\Program Files\dotnet\sdk\7.0.306\Extensions\Microsoft.Diagnostics.NETCore.Client.dll'
TpTrace Information: 0 : 15720, 1, 2023/09/05, 13:40:13.829, 910584411927, vstest.console.dll, AssemblyResolver.OnResolve: Microsoft.Bcl.AsyncInterfaces: Resolving assembly.
TpTrace Information: 0 : 15720, 1, 2023/09/05, 13:40:13.829, 910584413202, vstest.console.dll, AssemblyResolver.OnResolve: Microsoft.Bcl.AsyncInterfaces: Searching in: 'C:\Program Files\dotnet\sdk\7.0.306\Extensions'.
TpTrace Information: 0 : 15720, 1, 2023/09/05, 13:40:13.830, 910584414314, vstest.console.dll, AssemblyResolver.OnResolve: Microsoft.Bcl.AsyncInterfaces: Assembly path does not exist: 'C:\Program Files\dotnet\sdk\7.0.306\Extensions\Microsoft.Bcl.AsyncInterfaces.dll', returning.
TpTrace Information: 0 : 15720, 1, 2023/09/05, 13:40:13.830, 910584415744, vstest.console.dll, AssemblyResolver.OnResolve: Microsoft.Bcl.AsyncInterfaces: Assembly path does not exist: 'C:\Program Files\dotnet\sdk\7.0.306\Extensions\Microsoft.Bcl.AsyncInterfaces.exe', returning.
TpTrace Information: 0 : 15720, 1, 2023/09/05, 13:40:13.830, 910584416174, vstest.console.dll, AssemblyResolver.OnResolve: Microsoft.Bcl.AsyncInterfaces: Searching in: 'C:\Program Files\dotnet\sdk\7.0.306'.
TpTrace Information: 0 : 15720, 1, 2023/09/05, 13:40:13.830, 910584416816, vstest.console.dll, AssemblyResolver.OnResolve: Microsoft.Bcl.AsyncInterfaces: Assembly path does not exist: 'C:\Program Files\dotnet\sdk\7.0.306\Microsoft.Bcl.AsyncInterfaces.dll', returning.
TpTrace Information: 0 : 15720, 1, 2023/09/05, 13:40:13.830, 910584418356, vstest.console.dll, AssemblyResolver.OnResolve: Microsoft.Bcl.AsyncInterfaces: Assembly path does not exist: 'C:\Program Files\dotnet\sdk\7.0.306\Microsoft.Bcl.AsyncInterfaces.exe', returning.
TpTrace Information: 0 : 15720, 1, 2023/09/05, 13:40:13.830, 910584419020, vstest.console.dll, AssemblyResolver.OnResolve: Microsoft.Bcl.AsyncInterfaces: Failed to load assembly.
TpTrace Verbose: 0 : 15720, 1, 2023/09/05, 13:40:13.830, 910584419520, vstest.console.dll, CurrentDomainAssemblyResolve: Resolving assembly 'Microsoft.Bcl.AsyncInterfaces'.
TpTrace Information: 0 : 15720, 1, 2023/09/05, 13:40:13.830, 910584420406, vstest.console.dll, AssemblyResolver.OnResolve: Microsoft.Bcl.AsyncInterfaces: Resolving assembly.
TpTrace Information: 0 : 15720, 1, 2023/09/05, 13:40:13.830, 910584420929, vstest.console.dll, AssemblyResolver.OnResolve: Microsoft.Bcl.AsyncInterfaces: Resolved from cache.
TpTrace Verbose: 0 : 15720, 1, 2023/09/05, 13:40:13.830, 910584421287, vstest.console.dll, CurrentDomainAssemblyResolve: Resolving assembly 'Microsoft.Bcl.AsyncInterfaces'.
TpTrace Verbose: 0 : 15720, 1, 2023/09/05, 13:40:13.830, 910584421716, vstest.console.dll, CurrentDomainAssemblyResolve: Failed to resolve assembly 'Microsoft.Bcl.AsyncInterfaces'.
TpTrace Verbose: 0 : 15720, 1, 2023/09/05, 13:40:13.844, 910584563354, vstest.console.dll, CurrentDomainAssemblyResolve: Failed to resolve assembly 'Microsoft.Bcl.AsyncInterfaces'.
TpTrace Warning: 0 : 15720, 1, 2023/09/05, 13:40:13.859, 910584708348, vstest.console.dll, TestPluginDiscoverer: Failed to get types from assembly 'Microsoft.Diagnostics.NETCore.Client, Version=0.2.6.42401, Culture=neutral, PublicKeyToken=31bf3856ad364e35'. Error: System.Reflection.ReflectionTypeLoadException: Unable to load one or more of the requested types.
Could not load file or assembly 'Microsoft.Bcl.AsyncInterfaces, Version=1.0.0.0, Culture=neutral, PublicKeyToken=cc7b13ffcd2ddd51'. O sistema não pode encontrar o arquivo especificado.
   at System.Reflection.RuntimeModule.GetTypes(RuntimeModule module)
   at System.Reflection.Assembly.GetTypes()
   at Microsoft.VisualStudio.TestPlatform.Common.ExtensionFramework.TestPluginDiscoverer.GetTestExtensionsFromAssembly[TPluginInfo,TExtension](Assembly assembly, Dictionary`2 pluginInfos, String filePath)
System.IO.FileNotFoundException: Could not load file or assembly 'Microsoft.Bcl.AsyncInterfaces, Version=1.0.0.0, Culture=neutral, PublicKeyToken=cc7b13ffcd2ddd51'. O sistema não pode encontrar o arquivo especificado.
File name: 'Microsoft.Bcl.AsyncInterfaces, Version=1.0.0.0, Culture=neutral, PublicKeyToken=cc7b13ffcd2ddd51'
 ---> System.IO.FileNotFoundException: Could not load file or assembly 'Microsoft.Bcl.AsyncInterfaces, Culture=neutral, PublicKeyToken=null'. O sistema não pode encontrar o arquivo especificado.
File name: 'Microsoft.Bcl.AsyncInterfaces, Culture=neutral, PublicKeyToken=null'
   at System.Reflection.RuntimeAssembly.InternalLoad(AssemblyName assemblyName, StackCrawlMark& stackMark, AssemblyLoadContext assemblyLoadContext, RuntimeAssembly requestingAssembly, Boolean throwOnFileNotFound)
   at System.Reflection.Assembly.Load(AssemblyName assemblyRef)
   at Microsoft.VisualStudio.TestPlatform.Common.ExtensionFramework.TestPluginCache.CurrentDomainAssemblyResolve(Object sender, AssemblyResolveEventArgs args)
   at System.Runtime.Loader.AssemblyLoadContext.GetFirstResolvedAssemblyFromResolvingEvent(AssemblyName assemblyName)
   at System.Runtime.Loader.AssemblyLoadContext.ResolveUsingEvent(AssemblyName assemblyName)
   at System.Runtime.Loader.AssemblyLoadContext.ResolveUsingResolvingEvent(IntPtr gchManagedAssemblyLoadContext, AssemblyName assemblyName)
TpTrace Warning: 0 : 15720, 1, 2023/09/05, 13:40:13.859, 910584711950, vstest.console.dll, LoaderExceptions: System.IO.FileNotFoundException: Could not load file or assembly 'Microsoft.Bcl.AsyncInterfaces, Version=1.0.0.0, Culture=neutral, PublicKeyToken=cc7b13ffcd2ddd51'. O sistema não pode encontrar o arquivo especificado.
File name: 'Microsoft.Bcl.AsyncInterfaces, Version=1.0.0.0, Culture=neutral, PublicKeyToken=cc7b13ffcd2ddd51'
 ---> System.IO.FileNotFoundException: Could not load file or assembly 'Microsoft.Bcl.AsyncInterfaces, Culture=neutral, PublicKeyToken=null'. O sistema não pode encontrar o arquivo especificado.
File name: 'Microsoft.Bcl.AsyncInterfaces, Culture=neutral, PublicKeyToken=null'
   at System.Reflection.RuntimeAssembly.InternalLoad(AssemblyName assemblyName, StackCrawlMark& stackMark, AssemblyLoadContext assemblyLoadContext, RuntimeAssembly requestingAssembly, Boolean throwOnFileNotFound)
   at System.Reflection.Assembly.Load(AssemblyName assemblyRef)
   at Microsoft.VisualStudio.TestPlatform.Common.ExtensionFramework.TestPluginCache.CurrentDomainAssemblyResolve(Object sender, AssemblyResolveEventArgs args)
   at System.Runtime.Loader.AssemblyLoadContext.GetFirstResolvedAssemblyFromResolvingEvent(AssemblyName assemblyName)
   at System.Runtime.Loader.AssemblyLoadContext.ResolveUsingEvent(AssemblyName assemblyName)
   at System.Runtime.Loader.AssemblyLoadContext.ResolveUsingResolvingEvent(IntPtr gchManagedAssemblyLoadContext, AssemblyName assemblyName)
TpTrace Information: 0 : 15720, 1, 2023/09/05, 13:40:13.860, 910584713596, vstest.console.dll, AssemblyResolver.OnResolve: Microsoft.TestPlatform.Extensions.BlameDataCollector: Resolving assembly.
TpTrace Information: 0 : 15720, 1, 2023/09/05, 13:40:13.860, 910584714087, vstest.console.dll, AssemblyResolver.OnResolve: Microsoft.TestPlatform.Extensions.BlameDataCollector: Searching in: 'C:\Program Files\dotnet\sdk\7.0.306\Extensions'.
TpTrace Information: 0 : 15720, 1, 2023/09/05, 13:40:13.860, 910584716845, vstest.console.dll, AssemblyResolver.OnResolve: Microsoft.TestPlatform.Extensions.BlameDataCollector: Loading assembly 'C:\Program Files\dotnet\sdk\7.0.306\Extensions\Microsoft.TestPlatform.Extensions.BlameDataCollector.dll'.
TpTrace Information: 0 : 15720, 1, 2023/09/05, 13:40:13.860, 910584722040, vstest.console.dll, AssemblyResolver.OnResolve: Resolved assembly: Microsoft.TestPlatform.Extensions.BlameDataCollector, from path: C:\Program Files\dotnet\sdk\7.0.306\Extensions\Microsoft.TestPlatform.Extensions.BlameDataCollector.dll
TpTrace Verbose: 0 : 15720, 1, 2023/09/05, 13:40:13.860, 910584722754, vstest.console.dll, MetadataReaderExtensionsHelper: Discovering extensions inside assembly 'Microsoft.TestPlatform.Extensions.BlameDataCollector, Version=15.0.0.0, Culture=neutral, PublicKeyToken=b03f5f7f11d50a3a' file path 'C:\Program Files\dotnet\sdk\7.0.306\Extensions\Microsoft.TestPlatform.Extensions.BlameDataCollector.dll'
TpTrace Information: 0 : 15720, 1, 2023/09/05, 13:40:13.862, 910584739923, vstest.console.dll, AssemblyResolver.OnResolve: Microsoft.TestPlatform.Extensions.EventLogCollector: Resolving assembly.
TpTrace Information: 0 : 15720, 1, 2023/09/05, 13:40:13.862, 910584741009, vstest.console.dll, AssemblyResolver.OnResolve: Microsoft.TestPlatform.Extensions.EventLogCollector: Searching in: 'C:\Program Files\dotnet\sdk\7.0.306\Extensions'.
TpTrace Information: 0 : 15720, 1, 2023/09/05, 13:40:13.862, 910584743267, vstest.console.dll, AssemblyResolver.OnResolve: Microsoft.TestPlatform.Extensions.EventLogCollector: Loading assembly 'C:\Program Files\dotnet\sdk\7.0.306\Extensions\Microsoft.TestPlatform.Extensions.EventLogCollector.dll'.
TpTrace Information: 0 : 15720, 1, 2023/09/05, 13:40:13.863, 910584747863, vstest.console.dll, AssemblyResolver.OnResolve: Resolved assembly: Microsoft.TestPlatform.Extensions.EventLogCollector, from path: C:\Program Files\dotnet\sdk\7.0.306\Extensions\Microsoft.TestPlatform.Extensions.EventLogCollector.dll
TpTrace Verbose: 0 : 15720, 1, 2023/09/05, 13:40:13.863, 910584748405, vstest.console.dll, MetadataReaderExtensionsHelper: Discovering extensions inside assembly 'Microsoft.TestPlatform.Extensions.EventLogCollector, Version=15.0.0.0, Culture=neutral, PublicKeyToken=b03f5f7f11d50a3a' file path 'C:\Program Files\dotnet\sdk\7.0.306\Extensions\Microsoft.TestPlatform.Extensions.EventLogCollector.dll'
TpTrace Information: 0 : 15720, 1, 2023/09/05, 13:40:13.865, 910584763594, vstest.console.dll, AssemblyResolver.OnResolve: Microsoft.TestPlatform.TestHostRuntimeProvider: Resolving assembly.
TpTrace Information: 0 : 15720, 1, 2023/09/05, 13:40:13.865, 910584764196, vstest.console.dll, AssemblyResolver.OnResolve: Microsoft.TestPlatform.TestHostRuntimeProvider: Searching in: 'C:\Program Files\dotnet\sdk\7.0.306\Extensions'.
TpTrace Information: 0 : 15720, 1, 2023/09/05, 13:40:13.865, 910584772328, vstest.console.dll, AssemblyResolver.OnResolve: Microsoft.TestPlatform.TestHostRuntimeProvider: Loading assembly 'C:\Program Files\dotnet\sdk\7.0.306\Extensions\Microsoft.TestPlatform.TestHostRuntimeProvider.dll'.
TpTrace Information: 0 : 15720, 1, 2023/09/05, 13:40:13.867, 910584787127, vstest.console.dll, AssemblyResolver.OnResolve: Resolved assembly: Microsoft.TestPlatform.TestHostRuntimeProvider, from path: C:\Program Files\dotnet\sdk\7.0.306\Extensions\Microsoft.TestPlatform.TestHostRuntimeProvider.dll
TpTrace Verbose: 0 : 15720, 1, 2023/09/05, 13:40:13.867, 910584787753, vstest.console.dll, MetadataReaderExtensionsHelper: Discovering extensions inside assembly 'Microsoft.TestPlatform.TestHostRuntimeProvider, Version=15.0.0.0, Culture=neutral, PublicKeyToken=b03f5f7f11d50a3a' file path 'C:\Program Files\dotnet\sdk\7.0.306\Extensions\Microsoft.TestPlatform.TestHostRuntimeProvider.dll'
TpTrace Information: 0 : 15720, 1, 2023/09/05, 13:40:13.868, 910584802934, vstest.console.dll, GetTestExtensionFromType: Register extension with identifier data 'HostProvider://DefaultTestHost' and type 'Microsoft.VisualStudio.TestPlatform.CrossPlatEngine.Hosting.DefaultTestHostManager, Microsoft.TestPlatform.TestHostRuntimeProvider, Version=15.0.0.0, Culture=neutral, PublicKeyToken=b03f5f7f11d50a3a' inside file 'C:\Program Files\dotnet\sdk\7.0.306\Extensions\Microsoft.TestPlatform.TestHostRuntimeProvider.dll'
TpTrace Information: 0 : 15720, 1, 2023/09/05, 13:40:13.869, 910584804855, vstest.console.dll, GetTestExtensionFromType: Register extension with identifier data 'HostProvider://DotnetTestHost' and type 'Microsoft.VisualStudio.TestPlatform.CrossPlatEngine.Hosting.DotnetTestHostManager, Microsoft.TestPlatform.TestHostRuntimeProvider, Version=15.0.0.0, Culture=neutral, PublicKeyToken=b03f5f7f11d50a3a' inside file 'C:\Program Files\dotnet\sdk\7.0.306\Extensions\Microsoft.TestPlatform.TestHostRuntimeProvider.dll'
TpTrace Information: 0 : 15720, 1, 2023/09/05, 13:40:13.869, 910584805540, vstest.console.dll, AssemblyResolver.OnResolve: Microsoft.VisualStudio.TestPlatform.Extensions.Html.TestLogger: Resolving assembly.
TpTrace Information: 0 : 15720, 1, 2023/09/05, 13:40:13.869, 910584805985, vstest.console.dll, AssemblyResolver.OnResolve: Microsoft.VisualStudio.TestPlatform.Extensions.Html.TestLogger: Searching in: 'C:\Program Files\dotnet\sdk\7.0.306\Extensions'.
TpTrace Information: 0 : 15720, 1, 2023/09/05, 13:40:13.869, 910584812167, vstest.console.dll, AssemblyResolver.OnResolve: Microsoft.VisualStudio.TestPlatform.Extensions.Html.TestLogger: Loading assembly 'C:\Program Files\dotnet\sdk\7.0.306\Extensions\Microsoft.VisualStudio.TestPlatform.Extensions.Html.TestLogger.dll'.
TpTrace Information: 0 : 15720, 1, 2023/09/05, 13:40:13.870, 910584820739, vstest.console.dll, AssemblyResolver.OnResolve: Resolved assembly: Microsoft.VisualStudio.TestPlatform.Extensions.Html.TestLogger, from path: C:\Program Files\dotnet\sdk\7.0.306\Extensions\Microsoft.VisualStudio.TestPlatform.Extensions.Html.TestLogger.dll
TpTrace Verbose: 0 : 15720, 1, 2023/09/05, 13:40:13.870, 910584821624, vstest.console.dll, MetadataReaderExtensionsHelper: Discovering extensions inside assembly 'Microsoft.VisualStudio.TestPlatform.Extensions.Html.TestLogger, Version=15.0.0.0, Culture=neutral, PublicKeyToken=b03f5f7f11d50a3a' file path 'C:\Program Files\dotnet\sdk\7.0.306\Extensions\Microsoft.VisualStudio.TestPlatform.Extensions.Html.TestLogger.dll'
TpTrace Information: 0 : 15720, 1, 2023/09/05, 13:40:13.871, 910584829757, vstest.console.dll, AssemblyResolver.OnResolve: Microsoft.VisualStudio.TestPlatform.Extensions.Trx.TestLogger: Resolving assembly.
TpTrace Information: 0 : 15720, 1, 2023/09/05, 13:40:13.871, 910584830441, vstest.console.dll, AssemblyResolver.OnResolve: Microsoft.VisualStudio.TestPlatform.Extensions.Trx.TestLogger: Searching in: 'C:\Program Files\dotnet\sdk\7.0.306\Extensions'.
TpTrace Information: 0 : 15720, 1, 2023/09/05, 13:40:13.872, 910584842848, vstest.console.dll, AssemblyResolver.OnResolve: Microsoft.VisualStudio.TestPlatform.Extensions.Trx.TestLogger: Loading assembly 'C:\Program Files\dotnet\sdk\7.0.306\Extensions\Microsoft.VisualStudio.TestPlatform.Extensions.Trx.TestLogger.dll'.
TpTrace Information: 0 : 15720, 1, 2023/09/05, 13:40:13.874, 910584855565, vstest.console.dll, AssemblyResolver.OnResolve: Resolved assembly: Microsoft.VisualStudio.TestPlatform.Extensions.Trx.TestLogger, from path: C:\Program Files\dotnet\sdk\7.0.306\Extensions\Microsoft.VisualStudio.TestPlatform.Extensions.Trx.TestLogger.dll
TpTrace Verbose: 0 : 15720, 1, 2023/09/05, 13:40:13.874, 910584856235, vstest.console.dll, MetadataReaderExtensionsHelper: Discovering extensions inside assembly 'Microsoft.VisualStudio.TestPlatform.Extensions.Trx.TestLogger, Version=15.0.0.0, Culture=neutral, PublicKeyToken=b03f5f7f11d50a3a' file path 'C:\Program Files\dotnet\sdk\7.0.306\Extensions\Microsoft.VisualStudio.TestPlatform.Extensions.Trx.TestLogger.dll'
TpTrace Verbose: 0 : 15720, 1, 2023/09/05, 13:40:13.875, 910584869862, vstest.console.dll, TestPluginCache: Discovered the extensions using extension path ''.
TpTrace Verbose: 0 : 15720, 1, 2023/09/05, 13:40:13.875, 910584870405, vstest.console.dll, TestPluginCache: Discoverers are ''.
TpTrace Verbose: 0 : 15720, 1, 2023/09/05, 13:40:13.875, 910584870666, vstest.console.dll, TestPluginCache: Executors are ''.
TpTrace Verbose: 0 : 15720, 1, 2023/09/05, 13:40:13.875, 910584870848, vstest.console.dll, TestPluginCache: Executors2 are ''.
TpTrace Verbose: 0 : 15720, 1, 2023/09/05, 13:40:13.875, 910584871022, vstest.console.dll, TestPluginCache: Setting providers are ''.
TpTrace Verbose: 0 : 15720, 1, 2023/09/05, 13:40:13.875, 910584871196, vstest.console.dll, TestPluginCache: Loggers are ''.
TpTrace Verbose: 0 : 15720, 1, 2023/09/05, 13:40:13.875, 910584872181, vstest.console.dll, TestPluginCache: TestHosts are 'HostProvider://DefaultTestHost,HostProvider://DotnetTestHost'.
TpTrace Verbose: 0 : 15720, 1, 2023/09/05, 13:40:13.875, 910584872470, vstest.console.dll, TestPluginCache: DataCollectors are ''.
TpTrace Information: 0 : 15720, 1, 2023/09/05, 13:40:13.885, 910584968927, vstest.console.dll, RunTestsArgumentProcessor:Execute: Test run is starting.
TpTrace Verbose: 0 : 15720, 1, 2023/09/05, 13:40:13.885, 910584969840, vstest.console.dll, RunTestsArgumentProcessor:Execute: Queuing Test run.
TpTrace Information: 0 : 15720, 1, 2023/09/05, 13:40:13.886, 910584977528, vstest.console.dll, TestRequestManager.RunTests: run tests started.
TpTrace Information: 0 : 15720, 1, 2023/09/05, 13:40:13.887, 910584988195, vstest.console.dll, AssemblyMetadataProvider.GetFrameworkName: Determined framework:'.NETCoreApp,Version=v6.0' for source: 'D:\newRepQS\testesQS\QualidadeSW\triangulo.testes\bin\Debug\net6.0\fine-code-coverage\build-output\triangulo.testes.dll'
TpTrace Information: 0 : 15720, 1, 2023/09/05, 13:40:13.887, 910584989673, vstest.console.dll, Determined framework for all sources: .NETCoreApp,Version=v6.0
TpTrace Verbose: 0 : 15720, 1, 2023/09/05, 13:40:13.887, 910584992993, vstest.console.dll, TestRequestManager.UpdateRunSettingsIfRequired: Default architecture: X64 IsDefaultTargetArchitecture: True, Current process architecture: X64 OperatingSystem: Windows.
TpTrace Information: 0 : 15720, 1, 2023/09/05, 13:40:13.889, 910585008051, vstest.console.dll, AssemblyMetadataProvider.GetArchitecture: Determined architecture:AnyCPU info for assembly: D:\newRepQS\testesQS\QualidadeSW\triangulo.testes\bin\Debug\net6.0\fine-code-coverage\build-output\triangulo.testes.dll
TpTrace Information: 0 : 15720, 1, 2023/09/05, 13:40:13.889, 910585008549, vstest.console.dll, Determined platform for source 'D:\newRepQS\testesQS\QualidadeSW\triangulo.testes\bin\Debug\net6.0\fine-code-coverage\build-output\triangulo.testes.dll' was AnyCPU and it will use the default plaform X64.
TpTrace Information: 0 : 15720, 1, 2023/09/05, 13:40:13.889, 910585008780, vstest.console.dll, None of the sources provided any runnable platform, using the default platform: X64
TpTrace Information: 0 : 15720, 1, 2023/09/05, 13:40:13.889, 910585009464, vstest.console.dll, Platform was updated to 'X64'.
TpTrace Information: 0 : 15720, 1, 2023/09/05, 13:40:13.898, 910585101387, vstest.console.dll, InferRunSettingsHelper.IsTestSettingsEnabled: Unable to navigate to RunSettings/MSTest. Current node: RunSettings
TpTrace Information: 0 : 15720, 1, 2023/09/05, 13:40:13.899, 910585111845, vstest.console.dll, AssemblyResolver.OnResolve: Microsoft.VisualStudio.TestPlatform.Fakes: Resolving assembly.
TpTrace Information: 0 : 15720, 1, 2023/09/05, 13:40:13.899, 910585112507, vstest.console.dll, AssemblyResolver.OnResolve: Microsoft.VisualStudio.TestPlatform.Fakes: Searching in: 'C:\Program Files\dotnet\sdk\7.0.306\Extensions'.
TpTrace Information: 0 : 15720, 1, 2023/09/05, 13:40:13.900, 910585113492, vstest.console.dll, AssemblyResolver.OnResolve: Microsoft.VisualStudio.TestPlatform.Fakes: Assembly path does not exist: 'C:\Program Files\dotnet\sdk\7.0.306\Extensions\Microsoft.VisualStudio.TestPlatform.Fakes.dll', returning.
TpTrace Information: 0 : 15720, 1, 2023/09/05, 13:40:13.900, 910585114036, vstest.console.dll, AssemblyResolver.OnResolve: Microsoft.VisualStudio.TestPlatform.Fakes: Assembly path does not exist: 'C:\Program Files\dotnet\sdk\7.0.306\Extensions\Microsoft.VisualStudio.TestPlatform.Fakes.exe', returning.
TpTrace Information: 0 : 15720, 1, 2023/09/05, 13:40:13.900, 910585114269, vstest.console.dll, AssemblyResolver.OnResolve: Microsoft.VisualStudio.TestPlatform.Fakes: Searching in: 'C:\Program Files\dotnet\sdk\7.0.306'.
TpTrace Information: 0 : 15720, 1, 2023/09/05, 13:40:13.900, 910585114684, vstest.console.dll, AssemblyResolver.OnResolve: Microsoft.VisualStudio.TestPlatform.Fakes: Assembly path does not exist: 'C:\Program Files\dotnet\sdk\7.0.306\Microsoft.VisualStudio.TestPlatform.Fakes.dll', returning.
TpTrace Information: 0 : 15720, 1, 2023/09/05, 13:40:13.900, 910585115074, vstest.console.dll, AssemblyResolver.OnResolve: Microsoft.VisualStudio.TestPlatform.Fakes: Assembly path does not exist: 'C:\Program Files\dotnet\sdk\7.0.306\Microsoft.VisualStudio.TestPlatform.Fakes.exe', returning.
TpTrace Information: 0 : 15720, 1, 2023/09/05, 13:40:13.900, 910585115339, vstest.console.dll, AssemblyResolver.OnResolve: Microsoft.VisualStudio.TestPlatform.Fakes: Failed to load assembly.
TpTrace Information: 0 : 15720, 1, 2023/09/05, 13:40:13.900, 910585117391, vstest.console.dll, Failed to load assembly Microsoft.VisualStudio.TestPlatform.Fakes, Version=17.0.0.0, Culture=neutral. Reason:System.IO.FileNotFoundException: Could not load file or assembly 'Microsoft.VisualStudio.TestPlatform.Fakes, Version=17.0.0.0, Culture=neutral, PublicKeyToken=null'. O sistema não pode encontrar o arquivo especificado.
File name: 'Microsoft.VisualStudio.TestPlatform.Fakes, Version=17.0.0.0, Culture=neutral, PublicKeyToken=null'
   at System.Reflection.RuntimeAssembly.InternalLoad(AssemblyName assemblyName, StackCrawlMark& stackMark, AssemblyLoadContext assemblyLoadContext, RuntimeAssembly requestingAssembly, Boolean throwOnFileNotFound)
   at System.Reflection.Assembly.Load(AssemblyName assemblyRef)
   at Microsoft.VisualStudio.TestPlatform.Common.Utilities.FakesUtilities.LoadTestPlatformAssembly()
TpTrace Verbose: 0 : 15720, 1, 2023/09/05, 13:40:13.903, 910585153349, vstest.console.dll, TestPluginCache.DiscoverTestExtensions: finding test extensions in assemblies ends with: TestLogger.dll TPluginInfo: Microsoft.VisualStudio.TestPlatform.Common.ExtensionFramework.Utilities.TestLoggerPluginInformation TExtension: Microsoft.VisualStudio.TestPlatform.ObjectModel.Client.ITestLogger
TpTrace Verbose: 0 : 15720, 1, 2023/09/05, 13:40:13.904, 910585154315, vstest.console.dll, TestPluginCache.GetExtensionPaths: Filtered extension paths: 
TpTrace Verbose: 0 : 15720, 1, 2023/09/05, 13:40:13.904, 910585154617, vstest.console.dll, TestPluginCache.GetExtensionPaths: Added default extension paths: C:\Program Files\dotnet\sdk\7.0.306\Extensions\Microsoft.Diagnostics.NETCore.Client.dll
C:\Program Files\dotnet\sdk\7.0.306\Extensions\Microsoft.TestPlatform.Extensions.BlameDataCollector.dll
C:\Program Files\dotnet\sdk\7.0.306\Extensions\Microsoft.TestPlatform.Extensions.EventLogCollector.dll
C:\Program Files\dotnet\sdk\7.0.306\Extensions\Microsoft.TestPlatform.TestHostRuntimeProvider.dll
C:\Program Files\dotnet\sdk\7.0.306\Extensions\Microsoft.VisualStudio.TestPlatform.Extensions.Html.TestLogger.dll
C:\Program Files\dotnet\sdk\7.0.306\Extensions\Microsoft.VisualStudio.TestPlatform.Extensions.Trx.TestLogger.dll
TpTrace Verbose: 0 : 15720, 1, 2023/09/05, 13:40:13.904, 910585154904, vstest.console.dll, TestPluginCache.GetExtensionPaths: Added unfilterableExtensionPaths: 
TpTrace Information: 0 : 15720, 1, 2023/09/05, 13:40:13.904, 910585155886, vstest.console.dll, AssemblyResolver.AddSearchDirectories: Adding more searchDirectories C:\Program Files\dotnet\sdk\7.0.306\Extensions,C:\Program Files\dotnet\sdk\7.0.306
TpTrace Verbose: 0 : 15720, 1, 2023/09/05, 13:40:13.904, 910585156234, vstest.console.dll, TestPluginCache.DiscoverTestExtensions: Discovering the extensions using extension path.
TpTrace Verbose: 0 : 15720, 1, 2023/09/05, 13:40:13.904, 910585156517, vstest.console.dll, TestPluginCache.GetExtensionPaths: Filtered extension paths: 
TpTrace Verbose: 0 : 15720, 1, 2023/09/05, 13:40:13.904, 910585156732, vstest.console.dll, TestPluginCache.GetExtensionPaths: Added default extension paths: C:\Program Files\dotnet\sdk\7.0.306\Extensions\Microsoft.Diagnostics.NETCore.Client.dll
C:\Program Files\dotnet\sdk\7.0.306\Extensions\Microsoft.TestPlatform.Extensions.BlameDataCollector.dll
C:\Program Files\dotnet\sdk\7.0.306\Extensions\Microsoft.TestPlatform.Extensions.EventLogCollector.dll
C:\Program Files\dotnet\sdk\7.0.306\Extensions\Microsoft.TestPlatform.TestHostRuntimeProvider.dll
C:\Program Files\dotnet\sdk\7.0.306\Extensions\Microsoft.VisualStudio.TestPlatform.Extensions.Html.TestLogger.dll
C:\Program Files\dotnet\sdk\7.0.306\Extensions\Microsoft.VisualStudio.TestPlatform.Extensions.Trx.TestLogger.dll
TpTrace Verbose: 0 : 15720, 1, 2023/09/05, 13:40:13.904, 910585156928, vstest.console.dll, TestPluginCache.GetExtensionPaths: Added unfilterableExtensionPaths: 
TpTrace Verbose: 0 : 15720, 1, 2023/09/05, 13:40:13.904, 910585157174, vstest.console.dll, TestPluginCache.DiscoverTestExtensions: Discovering the extensions using allExtensionPaths: C:\Program Files\dotnet\sdk\7.0.306\Extensions\Microsoft.Diagnostics.NETCore.Client.dll
C:\Program Files\dotnet\sdk\7.0.306\Extensions\Microsoft.TestPlatform.Extensions.BlameDataCollector.dll
C:\Program Files\dotnet\sdk\7.0.306\Extensions\Microsoft.TestPlatform.Extensions.EventLogCollector.dll
C:\Program Files\dotnet\sdk\7.0.306\Extensions\Microsoft.TestPlatform.TestHostRuntimeProvider.dll
C:\Program Files\dotnet\sdk\7.0.306\Extensions\Microsoft.VisualStudio.TestPlatform.Extensions.Html.TestLogger.dll
C:\Program Files\dotnet\sdk\7.0.306\Extensions\Microsoft.VisualStudio.TestPlatform.Extensions.Trx.TestLogger.dll
TpTrace Information: 0 : 15720, 1, 2023/09/05, 13:40:13.904, 910585157833, vstest.console.dll, AssemblyResolver.AddSearchDirectories: Adding more searchDirectories C:\Program Files\dotnet\sdk\7.0.306\Extensions,C:\Program Files\dotnet\sdk\7.0.306
TpTrace Information: 0 : 15720, 1, 2023/09/05, 13:40:13.904, 910585158172, vstest.console.dll, AssemblyResolver.AddSearchDirectories: Adding more searchDirectories C:\Program Files\dotnet\sdk\7.0.306\Extensions,C:\Program Files\dotnet\sdk\7.0.306
TpTrace Information: 0 : 15720, 1, 2023/09/05, 13:40:13.904, 910585158395, vstest.console.dll, AssemblyResolver.AddSearchDirectories: Adding more searchDirectories C:\Program Files\dotnet\sdk\7.0.306\Extensions,C:\Program Files\dotnet\sdk\7.0.306
TpTrace Information: 0 : 15720, 1, 2023/09/05, 13:40:13.904, 910585158608, vstest.console.dll, AssemblyResolver.AddSearchDirectories: Adding more searchDirectories C:\Program Files\dotnet\sdk\7.0.306\Extensions,C:\Program Files\dotnet\sdk\7.0.306
TpTrace Information: 0 : 15720, 1, 2023/09/05, 13:40:13.904, 910585158852, vstest.console.dll, AssemblyResolver.AddSearchDirectories: Adding more searchDirectories C:\Program Files\dotnet\sdk\7.0.306\Extensions,C:\Program Files\dotnet\sdk\7.0.306
TpTrace Information: 0 : 15720, 1, 2023/09/05, 13:40:13.904, 910585159067, vstest.console.dll, AssemblyResolver.AddSearchDirectories: Adding more searchDirectories C:\Program Files\dotnet\sdk\7.0.306\Extensions,C:\Program Files\dotnet\sdk\7.0.306
TpTrace Verbose: 0 : 15720, 1, 2023/09/05, 13:40:13.904, 910585159875, vstest.console.dll, MetadataReaderExtensionsHelper: Discovering extensions inside assembly 'Microsoft.Diagnostics.NETCore.Client, Version=0.2.6.42401, Culture=neutral, PublicKeyToken=31bf3856ad364e35' file path 'C:\Program Files\dotnet\sdk\7.0.306\Extensions\Microsoft.Diagnostics.NETCore.Client.dll'
TpTrace Information: 0 : 15720, 1, 2023/09/05, 13:40:13.905, 910585165050, vstest.console.dll, AssemblyResolver.OnResolve: Microsoft.Bcl.AsyncInterfaces: Resolving assembly.
TpTrace Information: 0 : 15720, 1, 2023/09/05, 13:40:13.905, 910585165453, vstest.console.dll, AssemblyResolver.OnResolve: Microsoft.Bcl.AsyncInterfaces: Resolved from cache.
TpTrace Verbose: 0 : 15720, 1, 2023/09/05, 13:40:13.905, 910585165670, vstest.console.dll, CurrentDomainAssemblyResolve: Resolving assembly 'Microsoft.Bcl.AsyncInterfaces'.
TpTrace Information: 0 : 15720, 1, 2023/09/05, 13:40:13.905, 910585166034, vstest.console.dll, AssemblyResolver.OnResolve: Microsoft.Bcl.AsyncInterfaces: Resolving assembly.
TpTrace Information: 0 : 15720, 1, 2023/09/05, 13:40:13.905, 910585166254, vstest.console.dll, AssemblyResolver.OnResolve: Microsoft.Bcl.AsyncInterfaces: Resolved from cache.
TpTrace Verbose: 0 : 15720, 1, 2023/09/05, 13:40:13.905, 910585166484, vstest.console.dll, CurrentDomainAssemblyResolve: Resolving assembly 'Microsoft.Bcl.AsyncInterfaces'.
TpTrace Verbose: 0 : 15720, 1, 2023/09/05, 13:40:13.905, 910585166669, vstest.console.dll, CurrentDomainAssemblyResolve: Failed to resolve assembly 'Microsoft.Bcl.AsyncInterfaces'.
TpTrace Verbose: 0 : 15720, 1, 2023/09/05, 13:40:13.905, 910585167888, vstest.console.dll, CurrentDomainAssemblyResolve: Failed to resolve assembly 'Microsoft.Bcl.AsyncInterfaces'.
TpTrace Warning: 0 : 15720, 1, 2023/09/05, 13:40:13.905, 910585170549, vstest.console.dll, TestPluginDiscoverer: Failed to get types from assembly 'Microsoft.Diagnostics.NETCore.Client, Version=0.2.6.42401, Culture=neutral, PublicKeyToken=31bf3856ad364e35'. Error: System.Reflection.ReflectionTypeLoadException: Unable to load one or more of the requested types.
Could not load file or assembly 'Microsoft.Bcl.AsyncInterfaces, Version=1.0.0.0, Culture=neutral, PublicKeyToken=cc7b13ffcd2ddd51'. O sistema não pode encontrar o arquivo especificado.
   at System.Reflection.RuntimeModule.GetTypes(RuntimeModule module)
   at System.Reflection.Assembly.GetTypes()
   at Microsoft.VisualStudio.TestPlatform.Common.ExtensionFramework.TestPluginDiscoverer.GetTestExtensionsFromAssembly[TPluginInfo,TExtension](Assembly assembly, Dictionary`2 pluginInfos, String filePath)
System.IO.FileNotFoundException: Could not load file or assembly 'Microsoft.Bcl.AsyncInterfaces, Version=1.0.0.0, Culture=neutral, PublicKeyToken=cc7b13ffcd2ddd51'. O sistema não pode encontrar o arquivo especificado.
File name: 'Microsoft.Bcl.AsyncInterfaces, Version=1.0.0.0, Culture=neutral, PublicKeyToken=cc7b13ffcd2ddd51'
 ---> System.IO.FileNotFoundException: Could not load file or assembly 'Microsoft.Bcl.AsyncInterfaces, Culture=neutral, PublicKeyToken=null'. O sistema não pode encontrar o arquivo especificado.
File name: 'Microsoft.Bcl.AsyncInterfaces, Culture=neutral, PublicKeyToken=null'
   at System.Reflection.RuntimeAssembly.InternalLoad(AssemblyName assemblyName, StackCrawlMark& stackMark, AssemblyLoadContext assemblyLoadContext, RuntimeAssembly requestingAssembly, Boolean throwOnFileNotFound)
   at System.Reflection.Assembly.Load(AssemblyName assemblyRef)
   at Microsoft.VisualStudio.TestPlatform.Common.ExtensionFramework.TestPluginCache.CurrentDomainAssemblyResolve(Object sender, AssemblyResolveEventArgs args)
   at System.Runtime.Loader.AssemblyLoadContext.GetFirstResolvedAssemblyFromResolvingEvent(AssemblyName assemblyName)
   at System.Runtime.Loader.AssemblyLoadContext.ResolveUsingEvent(AssemblyName assemblyName)
   at System.Runtime.Loader.AssemblyLoadContext.ResolveUsingResolvingEvent(IntPtr gchManagedAssemblyLoadContext, AssemblyName assemblyName)
TpTrace Warning: 0 : 15720, 1, 2023/09/05, 13:40:13.905, 910585171968, vstest.console.dll, LoaderExceptions: System.IO.FileNotFoundException: Could not load file or assembly 'Microsoft.Bcl.AsyncInterfaces, Version=1.0.0.0, Culture=neutral, PublicKeyToken=cc7b13ffcd2ddd51'. O sistema não pode encontrar o arquivo especificado.
File name: 'Microsoft.Bcl.AsyncInterfaces, Version=1.0.0.0, Culture=neutral, PublicKeyToken=cc7b13ffcd2ddd51'
 ---> System.IO.FileNotFoundException: Could not load file or assembly 'Microsoft.Bcl.AsyncInterfaces, Culture=neutral, PublicKeyToken=null'. O sistema não pode encontrar o arquivo especificado.
File name: 'Microsoft.Bcl.AsyncInterfaces, Culture=neutral, PublicKeyToken=null'
   at System.Reflection.RuntimeAssembly.InternalLoad(AssemblyName assemblyName, StackCrawlMark& stackMark, AssemblyLoadContext assemblyLoadContext, RuntimeAssembly requestingAssembly, Boolean throwOnFileNotFound)
   at System.Reflection.Assembly.Load(AssemblyName assemblyRef)
   at Microsoft.VisualStudio.TestPlatform.Common.ExtensionFramework.TestPluginCache.CurrentDomainAssemblyResolve(Object sender, AssemblyResolveEventArgs args)
   at System.Runtime.Loader.AssemblyLoadContext.GetFirstResolvedAssemblyFromResolvingEvent(AssemblyName assemblyName)
   at System.Runtime.Loader.AssemblyLoadContext.ResolveUsingEvent(AssemblyName assemblyName)
   at System.Runtime.Loader.AssemblyLoadContext.ResolveUsingResolvingEvent(IntPtr gchManagedAssemblyLoadContext, AssemblyName assemblyName)
TpTrace Verbose: 0 : 15720, 1, 2023/09/05, 13:40:13.905, 910585172685, vstest.console.dll, MetadataReaderExtensionsHelper: Discovering extensions inside assembly 'Microsoft.TestPlatform.Extensions.BlameDataCollector, Version=15.0.0.0, Culture=neutral, PublicKeyToken=b03f5f7f11d50a3a' file path 'C:\Program Files\dotnet\sdk\7.0.306\Extensions\Microsoft.TestPlatform.Extensions.BlameDataCollector.dll'
TpTrace Information: 0 : 15720, 1, 2023/09/05, 13:40:13.906, 910585175734, vstest.console.dll, GetTestExtensionFromType: Register extension with identifier data 'logger://Microsoft/TestPlatform/Extensions/Blame/v1' and type 'Microsoft.TestPlatform.Extensions.BlameDataCollector.BlameLogger, Microsoft.TestPlatform.Extensions.BlameDataCollector, Version=15.0.0.0, Culture=neutral, PublicKeyToken=b03f5f7f11d50a3a' inside file 'C:\Program Files\dotnet\sdk\7.0.306\Extensions\Microsoft.TestPlatform.Extensions.BlameDataCollector.dll'
TpTrace Verbose: 0 : 15720, 1, 2023/09/05, 13:40:13.906, 910585176423, vstest.console.dll, MetadataReaderExtensionsHelper: Discovering extensions inside assembly 'Microsoft.TestPlatform.Extensions.EventLogCollector, Version=15.0.0.0, Culture=neutral, PublicKeyToken=b03f5f7f11d50a3a' file path 'C:\Program Files\dotnet\sdk\7.0.306\Extensions\Microsoft.TestPlatform.Extensions.EventLogCollector.dll'
TpTrace Verbose: 0 : 15720, 1, 2023/09/05, 13:40:13.906, 910585178255, vstest.console.dll, MetadataReaderExtensionsHelper: Discovering extensions inside assembly 'Microsoft.TestPlatform.TestHostRuntimeProvider, Version=15.0.0.0, Culture=neutral, PublicKeyToken=b03f5f7f11d50a3a' file path 'C:\Program Files\dotnet\sdk\7.0.306\Extensions\Microsoft.TestPlatform.TestHostRuntimeProvider.dll'
TpTrace Verbose: 0 : 15720, 1, 2023/09/05, 13:40:13.906, 910585180154, vstest.console.dll, MetadataReaderExtensionsHelper: Discovering extensions inside assembly 'Microsoft.VisualStudio.TestPlatform.Extensions.Html.TestLogger, Version=15.0.0.0, Culture=neutral, PublicKeyToken=b03f5f7f11d50a3a' file path 'C:\Program Files\dotnet\sdk\7.0.306\Extensions\Microsoft.VisualStudio.TestPlatform.Extensions.Html.TestLogger.dll'
TpTrace Information: 0 : 15720, 1, 2023/09/05, 13:40:13.906, 910585183426, vstest.console.dll, GetTestExtensionFromType: Register extension with identifier data 'logger://Microsoft/TestPlatform/HtmlLogger/v1' and type 'Microsoft.VisualStudio.TestPlatform.Extensions.HtmlLogger.HtmlLogger, Microsoft.VisualStudio.TestPlatform.Extensions.Html.TestLogger, Version=15.0.0.0, Culture=neutral, PublicKeyToken=b03f5f7f11d50a3a' inside file 'C:\Program Files\dotnet\sdk\7.0.306\Extensions\Microsoft.VisualStudio.TestPlatform.Extensions.Html.TestLogger.dll'
TpTrace Verbose: 0 : 15720, 1, 2023/09/05, 13:40:13.907, 910585183885, vstest.console.dll, MetadataReaderExtensionsHelper: Discovering extensions inside assembly 'Microsoft.VisualStudio.TestPlatform.Extensions.Trx.TestLogger, Version=15.0.0.0, Culture=neutral, PublicKeyToken=b03f5f7f11d50a3a' file path 'C:\Program Files\dotnet\sdk\7.0.306\Extensions\Microsoft.VisualStudio.TestPlatform.Extensions.Trx.TestLogger.dll'
TpTrace Information: 0 : 15720, 1, 2023/09/05, 13:40:13.907, 910585186172, vstest.console.dll, GetTestExtensionFromType: Register extension with identifier data 'logger://Microsoft/TestPlatform/TrxLogger/v1' and type 'Microsoft.VisualStudio.TestPlatform.Extensions.TrxLogger.TrxLogger, Microsoft.VisualStudio.TestPlatform.Extensions.Trx.TestLogger, Version=15.0.0.0, Culture=neutral, PublicKeyToken=b03f5f7f11d50a3a' inside file 'C:\Program Files\dotnet\sdk\7.0.306\Extensions\Microsoft.VisualStudio.TestPlatform.Extensions.Trx.TestLogger.dll'
TpTrace Verbose: 0 : 15720, 1, 2023/09/05, 13:40:13.907, 910585186800, vstest.console.dll, TestPluginCache: Discovered the extensions using extension path ''.
TpTrace Verbose: 0 : 15720, 1, 2023/09/05, 13:40:13.907, 910585187095, vstest.console.dll, TestPluginCache: Discoverers are ''.
TpTrace Verbose: 0 : 15720, 1, 2023/09/05, 13:40:13.907, 910585187282, vstest.console.dll, TestPluginCache: Executors are ''.
TpTrace Verbose: 0 : 15720, 1, 2023/09/05, 13:40:13.907, 910585187456, vstest.console.dll, TestPluginCache: Executors2 are ''.
TpTrace Verbose: 0 : 15720, 1, 2023/09/05, 13:40:13.907, 910585187629, vstest.console.dll, TestPluginCache: Setting providers are ''.
TpTrace Verbose: 0 : 15720, 1, 2023/09/05, 13:40:13.907, 910585188103, vstest.console.dll, TestPluginCache: Loggers are 'logger://Microsoft/TestPlatform/Extensions/Blame/v1,logger://Microsoft/TestPlatform/HtmlLogger/v1,logger://Microsoft/TestPlatform/TrxLogger/v1'.
TpTrace Verbose: 0 : 15720, 1, 2023/09/05, 13:40:13.907, 910585188446, vstest.console.dll, TestPluginCache: TestHosts are 'HostProvider://DefaultTestHost,HostProvider://DotnetTestHost'.
TpTrace Verbose: 0 : 15720, 1, 2023/09/05, 13:40:13.907, 910585188693, vstest.console.dll, TestPluginCache: DataCollectors are ''.
TpTrace Information: 0 : 15720, 1, 2023/09/05, 13:40:13.908, 910585195313, vstest.console.dll, TestPluginManager.CreateTestExtension: Attempting to load test extension: Microsoft.TestPlatform.Extensions.BlameDataCollector.BlameLogger
TpTrace Verbose: 0 : 15720, 1, 2023/09/05, 13:40:13.918, 910585296116, vstest.console.dll, TestEngine: Initializing Parallel Execution as MaxCpuCount is set to: 1
TpTrace Information: 0 : 15720, 1, 2023/09/05, 13:40:13.920, 910585314274, vstest.console.dll, TestPluginManager.CreateTestExtension: Attempting to load test extension: Microsoft.VisualStudio.TestPlatform.CrossPlatEngine.Hosting.DefaultTestHostManager
TpTrace Information: 0 : 15720, 1, 2023/09/05, 13:40:13.921, 910585326477, vstest.console.dll, TestPluginManager.CreateTestExtension: Attempting to load test extension: Microsoft.VisualStudio.TestPlatform.CrossPlatEngine.Hosting.DotnetTestHostManager
TpTrace Information: 0 : 15720, 1, 2023/09/05, 13:40:13.921, 910585331490, vstest.console.dll, InferRunSettingsHelper.IsTestSettingsEnabled: Unable to navigate to RunSettings/MSTest. Current node: RunSettings
TpTrace Verbose: 0 : 15720, 1, 2023/09/05, 13:40:13.925, 910585370203, vstest.console.dll, TestEngine.GetExecutionManager: Chosen execution manager 'Microsoft.VisualStudio.TestPlatform.CrossPlatEngine.Client.Parallel.ParallelProxyExecutionManager, Microsoft.TestPlatform.CrossPlatEngine, Version=15.0.0.0, Culture=neutral, PublicKeyToken=b03f5f7f11d50a3a' ParallelLevel '1'.
TpTrace Verbose: 0 : 15720, 1, 2023/09/05, 13:40:13.925, 910585372064, vstest.console.dll, TestRunRequest.ExecuteAsync: Creating test run request.
TpTrace Verbose: 0 : 15720, 1, 2023/09/05, 13:40:13.926, 910585375139, vstest.console.dll, TestRunRequest.ExecuteAsync: Starting.
TpTrace Information: 0 : 15720, 1, 2023/09/05, 13:40:13.927, 910585384641, vstest.console.dll, TestRunRequest.ExecuteAsync: Starting run with settings:TestRunCriteria:
   KeepAlive=False,FrequencyOfRunStatsChangeEvent=10,RunStatsChangeEventTimeout=00:00:01.5000000,TestCaseFilter=,TestExecutorLauncher=
   Settingsxml=<RunSettings>
  <RunConfiguration>
    <ResultsDirectory>D:\newRepQS\testesQS\QualidadeSW\triangulo.testes\bin\Debug\net6.0\fine-code-coverage\coverage-tool-output</ResultsDirectory>
    <TargetPlatform>X64</TargetPlatform>
    <TargetFrameworkVersion>.NETCoreApp,Version=v6.0</TargetFrameworkVersion>
    <DesignMode>False</DesignMode>
    <CollectSourceInformation>False</CollectSourceInformation>
  </RunConfiguration>
  <LoggerRunSettings>
    <Loggers>
      <Logger friendlyName="blame" enabled="True" />
      <Logger friendlyName="Console" uri="logger://microsoft/TestPlatform/ConsoleLogger/v1" assemblyQualifiedName="Microsoft.VisualStudio.TestPlatform.CommandLine.Internal.ConsoleLogger, vstest.console, Version=15.0.0.0, Culture=neutral, PublicKeyToken=b03f5f7f11d50a3a" codeBase="C:\Program Files\dotnet\sdk\7.0.306\vstest.console.dll" enabled="True" />
    </Loggers>
  </LoggerRunSettings>
  <DataCollectionRunSettings>
    <DataCollectors>
      <DataCollector friendlyName="blame" enabled="True">
        <Configuration>
          <ResultsDirectory>D:\newRepQS\testesQS\QualidadeSW\triangulo.testes\bin\Debug\net6.0\fine-code-coverage\coverage-tool-output</ResultsDirectory>
        </Configuration>
      </DataCollector>
    </DataCollectors>
  </DataCollectionRunSettings>
</RunSettings>

TpTrace Verbose: 0 : 15720, 1, 2023/09/05, 13:40:13.927, 910585385211, vstest.console.dll, TestRunRequest.ExecuteAsync: Wait for the first run request is over.
TpTrace Verbose: 0 : 15720, 1, 2023/09/05, 13:40:13.927, 910585387836, vstest.console.dll, MulticastDelegateUtilities.SafeInvoke: TestRun.TestRunStart: Invoking callbacks was skipped because there are no subscribers.
TpTrace Verbose: 0 : 15720, 4, 2023/09/05, 13:40:13.927, 910585390238, vstest.console.dll, MulticastDelegateUtilities.SafeInvoke: InternalTestLoggerEvents.SendTestRunStart: Invoking callback 1/1 for Microsoft.VisualStudio.TestPlatform.CommandLine.Internal.ConsoleLogger., took 0 ms.
TpTrace Verbose: 0 : 15720, 1, 2023/09/05, 13:40:13.928, 910585398274, vstest.console.dll, ParallelProxyExecutionManager: Start execution. Total sources: 1
TpTrace Verbose: 0 : 15720, 1, 2023/09/05, 13:40:13.930, 910585421161, vstest.console.dll, TestRequestSender is acting as server.
TpTrace Verbose: 0 : 15720, 1, 2023/09/05, 13:40:13.932, 910585443178, vstest.console.dll, ParallelOperationManager.RunWorkInParallel: Started work on a host.
TpTrace Verbose: 0 : 15720, 1, 2023/09/05, 13:40:13.933, 910585451137, vstest.console.dll, ProxyParallelExecutionManager: No sources available for execution.
TpTrace Information: 0 : 15720, 1, 2023/09/05, 13:40:13.933, 910585451969, vstest.console.dll, TestRunRequest.ExecuteAsync: Started.
TpTrace Verbose: 0 : 15720, 1, 2023/09/05, 13:40:13.933, 910585452621, vstest.console.dll, TestRunRequest.WaitForCompletion: Waiting with timeout -1.
TpTrace Verbose: 0 : 15720, 5, 2023/09/05, 13:40:13.933, 910585453387, vstest.console.dll, DataCollectionRequestSender.InitializeCommunication : Initialize communication. 
TpTrace Information: 0 : 15720, 5, 2023/09/05, 13:40:13.937, 910585491107, vstest.console.dll, Listening on Endpoint : 127.0.0.1:56158
TpTrace Verbose: 0 : 15720, 5, 2023/09/05, 13:40:13.943, 910585553216, vstest.console.dll, DotnetDataCollectionLauncher: Adding  --runtimeconfig "C:\Program Files\dotnet\sdk\7.0.306\datacollector.runtimeconfig.json" in args
TpTrace Verbose: 0 : 15720, 5, 2023/09/05, 13:40:13.944, 910585554594, vstest.console.dll, DotnetDataCollectionLauncher: Adding  --depsfile "C:\Program Files\dotnet\sdk\7.0.306\datacollector.deps.json" in args
TpTrace Verbose: 0 : 15720, 5, 2023/09/05, 13:40:13.944, 910585556001, vstest.console.dll, DotnetDataCollectionLauncher: Full path of dotnet.exe is C:\Program Files\dotnet\dotnet.exe
TpTrace Information: 0 : 15720, 5, 2023/09/05, 13:40:13.951, 910585628942, vstest.console.dll, ProxyDataCollectionManager.Initialize: Launched datacollector processId: 21268 port: 56158
TpTrace Information: 0 : 15720, 5, 2023/09/05, 13:40:13.951, 910585630371, vstest.console.dll, ProxyDataCollectionManager.Initialize: waiting for connection with timeout: 90 seconds
TpTrace Verbose: 0 : 15720, 5, 2023/09/05, 13:40:13.951, 910585630922, vstest.console.dll, DataCollectionRequestSender.WaitForRequestHandlerConnection : Waiting for connection with timeout: 90000
TpTrace Information: 0 : 15720, 7, 2023/09/05, 13:40:14.166, 910587782566, vstest.console.dll, Using the buffer size of 16384 bytes
TpTrace Information: 0 : 15720, 7, 2023/09/05, 13:40:14.167, 910587784016, vstest.console.dll, Accepted Client request and set the flag
TpTrace Verbose: 0 : 15720, 5, 2023/09/05, 13:40:14.166, 910587782760, vstest.console.dll, SocketCommunicationManager.WaitForClientConnection took: 215 ms, with 90000 ms timeout, and finished with True.
TpTrace Verbose: 0 : 15720, 5, 2023/09/05, 13:40:14.167, 910587785724, vstest.console.dll, ProxyDataCollectionManager.InvokeDataCollectionServiceAction: Starting.
TpTrace Information: 0 : 15720, 5, 2023/09/05, 13:40:14.167, 910587786581, vstest.console.dll, ProxyDataCollectionManager.BeforeTestRunStart: Get environment variable and port for datacollector processId: 21268 port: 56158
TpTrace Verbose: 0 : 15720, 5, 2023/09/05, 13:40:14.167, 910587787689, vstest.console.dll, DataCollectionRequestSender.SendBeforeTestRunStartAndGetResult: Send BeforeTestRunStart message with settingsXml <RunSettings><RunConfiguration><ResultsDirectory>D:\newRepQS\testesQS\QualidadeSW\triangulo.testes\bin\Debug\net6.0\fine-code-coverage\coverage-tool-output</ResultsDirectory><TargetPlatform>X64</TargetPlatform><TargetFrameworkVersion>.NETCoreApp,Version=v6.0</TargetFrameworkVersion><DesignMode>False</DesignMode><CollectSourceInformation>False</CollectSourceInformation><TestAdaptersPaths>C:\Program Files\dotnet\sdk\7.0.306\Extensions</TestAdaptersPaths></RunConfiguration><LoggerRunSettings><Loggers><Logger friendlyName="blame" enabled="True" /><Logger friendlyName="Console" uri="logger://microsoft/TestPlatform/ConsoleLogger/v1" assemblyQualifiedName="Microsoft.VisualStudio.TestPlatform.CommandLine.Internal.ConsoleLogger, vstest.console, Version=15.0.0.0, Culture=neutral, PublicKeyToken=b03f5f7f11d50a3a" codeBase="C:\Program Files\dotnet\sdk\7.0.306\vstest.console.dll" enabled="True" /></Loggers></LoggerRunSettings><DataCollectionRunSettings><DataCollectors><DataCollector friendlyName="blame" enabled="True"><Configuration><ResultsDirectory>D:\newRepQS\testesQS\QualidadeSW\triangulo.testes\bin\Debug\net6.0\fine-code-coverage\coverage-tool-output</ResultsDirectory></Configuration></DataCollector></DataCollectors></DataCollectionRunSettings></RunSettings> and sources System.Collections.Generic.List`1[System.String]: 
TpTrace Verbose: 0 : 15720, 5, 2023/09/05, 13:40:14.238, 910588502622, vstest.console.dll, DataCollectionRequestSender.SendBeforeTestRunStartAndGetResult: Received message: (DataCollection.SendMessage) -> {"MessageType":"DataCollection.SendMessage","Payload":{"FriendlyName":null,"Uri":null,"TestCaseId":"00000000-0000-0000-0000-000000000000","Message":"Logging DataCollector Diagnostics in file: D:\\newRepQS\\testesQS\\QualidadeSW\\triangulo.testes\\bin\\Debug\\net6.0\\fine-code-coverage\\coverage-tool-output\\diagnostics.datacollector.23-09-05_13-40-13_94356_5.log","Level":0}}
TpTrace Verbose: 0 : 15720, 5, 2023/09/05, 13:40:14.315, 910589268461, vstest.console.dll, DataCollectionRequestSender.SendBeforeTestRunStartAndGetResult: Received message: (DataCollection.BeforeTestRunStartResult) -> {"MessageType":"DataCollection.BeforeTestRunStartResult","Payload":{"EnvironmentVariables":{},"DataCollectionEventsPort":56160}}
TpTrace Information: 0 : 15720, 5, 2023/09/05, 13:40:14.319, 910589308504, vstest.console.dll, ProxyDataCollectionManager.BeforeTestRunStart: SendBeforeTestRunStartAndGetResult successful, env variable from datacollector:   and testhost port: 56160
TpTrace Information: 0 : 15720, 5, 2023/09/05, 13:40:14.319, 910589309388, vstest.console.dll, ProxyDataCollectionManager.InvokeDataCollectionServiceAction: Completed.
TpTrace Verbose: 0 : 15720, 5, 2023/09/05, 13:40:14.319, 910589310123, vstest.console.dll, ProxyExecutionManager: Test host is always Lazy initialize.
TpTrace Verbose: 0 : 15720, 5, 2023/09/05, 13:40:14.319, 910589312068, vstest.console.dll, TestRequestSender.InitializeCommunication: initialize communication. 
TpTrace Information: 0 : 15720, 5, 2023/09/05, 13:40:14.320, 910589316824, vstest.console.dll, SocketServer.Start: Listening on endpoint : 127.0.0.1:56161
TpTrace Verbose: 0 : 15720, 5, 2023/09/05, 13:40:14.321, 910589328190, vstest.console.dll, DotnetTestHostmanager.GetTestHostProcessStartInfo: Platform environment 'X64' target architecture 'X64' framework '.NETCoreApp,Version=v6.0' OS 'Windows'
TpTrace Verbose: 0 : 15720, 5, 2023/09/05, 13:40:14.321, 910589330573, vstest.console.dll, DotnetTestHostmanager: Adding  --runtimeconfig "D:\newRepQS\testesQS\QualidadeSW\triangulo.testes\bin\Debug\net6.0\fine-code-coverage\build-output\triangulo.testes.runtimeconfig.json" in args
TpTrace Verbose: 0 : 15720, 5, 2023/09/05, 13:40:14.321, 910589331468, vstest.console.dll, DotnetTestHostmanager: Adding  --depsfile "D:\newRepQS\testesQS\QualidadeSW\triangulo.testes\bin\Debug\net6.0\fine-code-coverage\build-output\triangulo.testes.deps.json" in args
TpTrace Verbose: 0 : 15720, 5, 2023/09/05, 13:40:14.321, 910589333254, vstest.console.dll, DotnetTestHostmanager.IsWinOnArm: Current PROCESSOR_ARCHITECTURE from environment variable 'AMD64'
TpTrace Verbose: 0 : 15720, 5, 2023/09/05, 13:40:14.322, 910589334078, vstest.console.dll, DotnetTestHostmanager.IsWinOnArm: Is Windows on ARM 'False'
TpTrace Verbose: 0 : 15720, 5, 2023/09/05, 13:40:14.322, 910589334476, vstest.console.dll, DotnetTestHostManager: testhost.exe found at path: D:\newRepQS\testesQS\QualidadeSW\triangulo.testes\bin\Debug\net6.0\fine-code-coverage\build-output\testhost.exe
TpTrace Verbose: 0 : 15720, 5, 2023/09/05, 13:40:14.322, 910589334820, vstest.console.dll, DotnetTestHostmanager: Full path of host exe is D:\newRepQS\testesQS\QualidadeSW\triangulo.testes\bin\Debug\net6.0\fine-code-coverage\build-output\testhost.exe
TpTrace Verbose: 0 : 15720, 5, 2023/09/05, 13:40:14.322, 910589335899, vstest.console.dll, DotnetTestHostmanager.LaunchTestHostAsync: Found 'VSTEST_WINAPPHOST_DOTNET_ROOT' in env variables, value 'C:\Program Files\dotnet', forwarding to 'DOTNET_ROOT'
TpTrace Verbose: 0 : 15720, 5, 2023/09/05, 13:40:14.322, 910589337523, vstest.console.dll, DotnetTestHostManager: Starting process 'D:\newRepQS\testesQS\QualidadeSW\triangulo.testes\bin\Debug\net6.0\fine-code-coverage\build-output\testhost.exe' with command line ' --runtimeconfig "D:\newRepQS\testesQS\QualidadeSW\triangulo.testes\bin\Debug\net6.0\fine-code-coverage\build-output\triangulo.testes.runtimeconfig.json" --depsfile "D:\newRepQS\testesQS\QualidadeSW\triangulo.testes\bin\Debug\net6.0\fine-code-coverage\build-output\triangulo.testes.deps.json" --port 56161 --endpoint 127.0.0.1:056161 --role client --parentprocessid 15720 --diag "D:\newRepQS\testesQS\QualidadeSW\triangulo.testes\bin\Debug\net6.0\fine-code-coverage\coverage-tool-output\diagnostics.host.23-09-05_13-40-14_32092_5.log" --tracelevel 4 --datacollectionport 56160 --telemetryoptedin false'
TpTrace Verbose: 0 : 15720, 5, 2023/09/05, 13:40:14.332, 910589442391, vstest.console.dll, MulticastDelegateUtilities.SafeInvoke: HostProviderEvents.OnHostLaunched: Invoking callback 1/2 for Microsoft.VisualStudio.TestPlatform.CrossPlatEngine.Client.ProxyExecutionManagerWithDataCollection., took 1 ms.
TpTrace Verbose: 0 : 15720, 5, 2023/09/05, 13:40:14.333, 910589445448, vstest.console.dll, Test Runtime launched
TpTrace Verbose: 0 : 15720, 5, 2023/09/05, 13:40:14.333, 910589446264, vstest.console.dll, MulticastDelegateUtilities.SafeInvoke: HostProviderEvents.OnHostLaunched: Invoking callback 2/2 for Microsoft.VisualStudio.TestPlatform.CrossPlatEngine.Client.ProxyOperationManager., took 0 ms.
TpTrace Verbose: 0 : 15720, 5, 2023/09/05, 13:40:14.333, 910589447900, vstest.console.dll, TestRequestSender.WaitForRequestHandlerConnection: waiting for connection with timeout: 90000.
TpTrace Verbose: 0 : 15720, 5, 2023/09/05, 13:40:14.579, 910591909603, vstest.console.dll, TestRequestSender.WaitForRequestHandlerConnection: waiting took 246 ms, with timeout 90000 ms, and result 0, which is success.
TpTrace Verbose: 0 : 15720, 7, 2023/09/05, 13:40:14.579, 910591909602, vstest.console.dll, MulticastDelegateUtilities.SafeInvoke: SocketServer: ClientConnected: Invoking callback 1/1 for Microsoft.VisualStudio.TestPlatform.CommunicationUtilities.TestRequestSender., took 0 ms.
TpTrace Verbose: 0 : 15720, 7, 2023/09/05, 13:40:14.579, 910591911437, vstest.console.dll, SocketServer.OnClientConnected: Client connected for endPoint: 127.0.0.1:56161, starting MessageLoopAsync:
TpTrace Verbose: 0 : 15720, 7, 2023/09/05, 13:40:14.579, 910591913077, vstest.console.dll, TcpClientExtensions.MessageLoopAsync: Polling on remoteEndPoint: 127.0.0.1:56162 localEndPoint: 127.0.0.1:56161
TpTrace Verbose: 0 : 15720, 5, 2023/09/05, 13:40:14.580, 910591920966, vstest.console.dll, TestRequestSender.CheckVersionWithTestHost: Sending check version message: {"MessageType":"ProtocolVersion","Payload":7}
TpTrace Verbose: 0 : 15720, 7, 2023/09/05, 13:40:14.741, 910593524654, vstest.console.dll, TcpClientExtensions.MessageLoopAsync: NotifyDataAvailable remoteEndPoint: 127.0.0.1:56162 localEndPoint: 127.0.0.1:56161
TpTrace Verbose: 0 : 15720, 7, 2023/09/05, 13:40:14.741, 910593527151, vstest.console.dll, TestRequestSender.CheckVersionWithTestHost: onMessageReceived received message: (ProtocolVersion) -> {"MessageType":"ProtocolVersion","Payload":7}
TpTrace Verbose: 0 : 15720, 7, 2023/09/05, 13:40:14.742, 910593543268, vstest.console.dll, MulticastDelegateUtilities.SafeInvoke: LengthPrefixCommunicationChannel: MessageReceived: Invoking callback 1/1 for Microsoft.VisualStudio.TestPlatform.CommunicationUtilities.TestRequestSender+<>c__DisplayClass29_0., took 1 ms.
TpTrace Verbose: 0 : 15720, 5, 2023/09/05, 13:40:14.743, 910593544073, vstest.console.dll, TestPluginCache.GetExtensionPaths: Filtered extension paths: 
TpTrace Verbose: 0 : 15720, 7, 2023/09/05, 13:40:14.743, 910593544881, vstest.console.dll, TcpClientExtensions.MessageLoopAsync: Polling on remoteEndPoint: 127.0.0.1:56162 localEndPoint: 127.0.0.1:56161
TpTrace Verbose: 0 : 15720, 5, 2023/09/05, 13:40:14.743, 910593545216, vstest.console.dll, TestPluginCache.GetExtensionPaths: Added default extension paths: C:\Program Files\dotnet\sdk\7.0.306\Extensions\Microsoft.Diagnostics.NETCore.Client.dll
C:\Program Files\dotnet\sdk\7.0.306\Extensions\Microsoft.TestPlatform.Extensions.BlameDataCollector.dll
C:\Program Files\dotnet\sdk\7.0.306\Extensions\Microsoft.TestPlatform.Extensions.EventLogCollector.dll
C:\Program Files\dotnet\sdk\7.0.306\Extensions\Microsoft.TestPlatform.TestHostRuntimeProvider.dll
C:\Program Files\dotnet\sdk\7.0.306\Extensions\Microsoft.VisualStudio.TestPlatform.Extensions.Html.TestLogger.dll
C:\Program Files\dotnet\sdk\7.0.306\Extensions\Microsoft.VisualStudio.TestPlatform.Extensions.Trx.TestLogger.dll
TpTrace Verbose: 0 : 15720, 5, 2023/09/05, 13:40:14.743, 910593546215, vstest.console.dll, TestPluginCache.GetExtensionPaths: Added unfilterableExtensionPaths: 
TpTrace Verbose: 0 : 15720, 5, 2023/09/05, 13:40:14.748, 910593596915, vstest.console.dll, TestRequestSender.InitializeExecution: Sending initialize execution with message: {"Version":7,"MessageType":"TestExecution.Initialize","Payload":["D:\\newRepQS\\testesQS\\QualidadeSW\\triangulo.testes\\bin\\Debug\\net6.0\\fine-code-coverage\\build-output\\xunit.runner.visualstudio.dotnetcore.testadapter.dll"]}
TpTrace Verbose: 0 : 15720, 5, 2023/09/05, 13:40:14.748, 910593599490, vstest.console.dll, ParallelProxyExecutionManager: Execution started. Started clients: 1
TpTrace Verbose: 0 : 15720, 5, 2023/09/05, 13:40:14.749, 910593607832, vstest.console.dll, TestRunRequest:SendTestRunMessage: Starting.
TpTrace Verbose: 0 : 15720, 7, 2023/09/05, 13:40:14.749, 910593608829, vstest.console.dll, TcpClientExtensions.MessageLoopAsync: NotifyDataAvailable remoteEndPoint: 127.0.0.1:56162 localEndPoint: 127.0.0.1:56161
TpTrace Verbose: 0 : 15720, 7, 2023/09/05, 13:40:14.749, 910593610454, vstest.console.dll, LengthPrefixCommunicationChannel.NotifyDataAvailable: New data are waiting to be received, but there is no subscriber to be notified. Not reading them from the stream.
TpTrace Verbose: 0 : 15720, 7, 2023/09/05, 13:40:14.749, 910593611026, vstest.console.dll, TcpClientExtensions.MessageLoopAsync: Polling on remoteEndPoint: 127.0.0.1:56162 localEndPoint: 127.0.0.1:56161
TpTrace Verbose: 0 : 15720, 4, 2023/09/05, 13:40:14.749, 910593611277, vstest.console.dll, MulticastDelegateUtilities.SafeInvoke: InternalTestLoggerEvents.SendTestRunMessage: Invoking callback 1/1 for Microsoft.VisualStudio.TestPlatform.CommandLine.Internal.ConsoleLogger., took 0 ms.
TpTrace Verbose: 0 : 15720, 7, 2023/09/05, 13:40:14.749, 910593611592, vstest.console.dll, TcpClientExtensions.MessageLoopAsync: NotifyDataAvailable remoteEndPoint: 127.0.0.1:56162 localEndPoint: 127.0.0.1:56161
TpTrace Verbose: 0 : 15720, 7, 2023/09/05, 13:40:14.749, 910593612037, vstest.console.dll, LengthPrefixCommunicationChannel.NotifyDataAvailable: New data are waiting to be received, but there is no subscriber to be notified. Not reading them from the stream.
TpTrace Verbose: 0 : 15720, 7, 2023/09/05, 13:40:14.749, 910593612368, vstest.console.dll, TcpClientExtensions.MessageLoopAsync: Polling on remoteEndPoint: 127.0.0.1:56162 localEndPoint: 127.0.0.1:56161
TpTrace Verbose: 0 : 15720, 7, 2023/09/05, 13:40:14.749, 910593612868, vstest.console.dll, TcpClientExtensions.MessageLoopAsync: NotifyDataAvailable remoteEndPoint: 127.0.0.1:56162 localEndPoint: 127.0.0.1:56161
TpTrace Verbose: 0 : 15720, 7, 2023/09/05, 13:40:14.749, 910593613224, vstest.console.dll, LengthPrefixCommunicationChannel.NotifyDataAvailable: New data are waiting to be received, but there is no subscriber to be notified. Not reading them from the stream.
TpTrace Verbose: 0 : 15720, 5, 2023/09/05, 13:40:14.750, 910593613434, vstest.console.dll, MulticastDelegateUtilities.SafeInvoke: TestRun.LogMessages: Invoking callback 1/1 for Microsoft.VisualStudio.TestPlatform.CommandLine.TestRunResultAggregator., took 0 ms.
TpTrace Verbose: 0 : 15720, 7, 2023/09/05, 13:40:14.750, 910593613538, vstest.console.dll, TcpClientExtensions.MessageLoopAsync: Polling on remoteEndPoint: 127.0.0.1:56162 localEndPoint: 127.0.0.1:56161
TpTrace Information: 0 : 15720, 5, 2023/09/05, 13:40:14.750, 910593614077, vstest.console.dll, TestRunRequest:SendTestRunMessage: Completed.
TpTrace Verbose: 0 : 15720, 7, 2023/09/05, 13:40:14.750, 910593614714, vstest.console.dll, TcpClientExtensions.MessageLoopAsync: NotifyDataAvailable remoteEndPoint: 127.0.0.1:56162 localEndPoint: 127.0.0.1:56161
TpTrace Verbose: 0 : 15720, 7, 2023/09/05, 13:40:14.750, 910593615517, vstest.console.dll, LengthPrefixCommunicationChannel.NotifyDataAvailable: New data are waiting to be received, but there is no subscriber to be notified. Not reading them from the stream.
TpTrace Verbose: 0 : 15720, 7, 2023/09/05, 13:40:14.750, 910593615916, vstest.console.dll, TcpClientExtensions.MessageLoopAsync: Polling on remoteEndPoint: 127.0.0.1:56162 localEndPoint: 127.0.0.1:56161
TpTrace Verbose: 0 : 15720, 7, 2023/09/05, 13:40:14.750, 910593616318, vstest.console.dll, TcpClientExtensions.MessageLoopAsync: NotifyDataAvailable remoteEndPoint: 127.0.0.1:56162 localEndPoint: 127.0.0.1:56161
TpTrace Verbose: 0 : 15720, 7, 2023/09/05, 13:40:14.750, 910593616663, vstest.console.dll, LengthPrefixCommunicationChannel.NotifyDataAvailable: New data are waiting to be received, but there is no subscriber to be notified. Not reading them from the stream.
TpTrace Verbose: 0 : 15720, 7, 2023/09/05, 13:40:14.750, 910593616949, vstest.console.dll, TcpClientExtensions.MessageLoopAsync: Polling on remoteEndPoint: 127.0.0.1:56162 localEndPoint: 127.0.0.1:56161
TpTrace Verbose: 0 : 15720, 7, 2023/09/05, 13:40:14.750, 910593617311, vstest.console.dll, TcpClientExtensions.MessageLoopAsync: NotifyDataAvailable remoteEndPoint: 127.0.0.1:56162 localEndPoint: 127.0.0.1:56161
TpTrace Verbose: 0 : 15720, 7, 2023/09/05, 13:40:14.750, 910593617662, vstest.console.dll, LengthPrefixCommunicationChannel.NotifyDataAvailable: New data are waiting to be received, but there is no subscriber to be notified. Not reading them from the stream.
TpTrace Verbose: 0 : 15720, 7, 2023/09/05, 13:40:14.750, 910593617956, vstest.console.dll, TcpClientExtensions.MessageLoopAsync: Polling on remoteEndPoint: 127.0.0.1:56162 localEndPoint: 127.0.0.1:56161
TpTrace Verbose: 0 : 15720, 7, 2023/09/05, 13:40:14.750, 910593618330, vstest.console.dll, TcpClientExtensions.MessageLoopAsync: NotifyDataAvailable remoteEndPoint: 127.0.0.1:56162 localEndPoint: 127.0.0.1:56161
TpTrace Verbose: 0 : 15720, 7, 2023/09/05, 13:40:14.750, 910593618648, vstest.console.dll, LengthPrefixCommunicationChannel.NotifyDataAvailable: New data are waiting to be received, but there is no subscriber to be notified. Not reading them from the stream.
TpTrace Verbose: 0 : 15720, 7, 2023/09/05, 13:40:14.750, 910593618926, vstest.console.dll, TcpClientExtensions.MessageLoopAsync: Polling on remoteEndPoint: 127.0.0.1:56162 localEndPoint: 127.0.0.1:56161
TpTrace Verbose: 0 : 15720, 7, 2023/09/05, 13:40:14.750, 910593619288, vstest.console.dll, TcpClientExtensions.MessageLoopAsync: NotifyDataAvailable remoteEndPoint: 127.0.0.1:56162 localEndPoint: 127.0.0.1:56161
TpTrace Verbose: 0 : 15720, 7, 2023/09/05, 13:40:14.750, 910593619619, vstest.console.dll, LengthPrefixCommunicationChannel.NotifyDataAvailable: New data are waiting to be received, but there is no subscriber to be notified. Not reading them from the stream.
TpTrace Verbose: 0 : 15720, 7, 2023/09/05, 13:40:14.750, 910593619907, vstest.console.dll, TcpClientExtensions.MessageLoopAsync: Polling on remoteEndPoint: 127.0.0.1:56162 localEndPoint: 127.0.0.1:56161
TpTrace Verbose: 0 : 15720, 7, 2023/09/05, 13:40:14.750, 910593620253, vstest.console.dll, TcpClientExtensions.MessageLoopAsync: NotifyDataAvailable remoteEndPoint: 127.0.0.1:56162 localEndPoint: 127.0.0.1:56161
TpTrace Verbose: 0 : 15720, 7, 2023/09/05, 13:40:14.750, 910593620562, vstest.console.dll, LengthPrefixCommunicationChannel.NotifyDataAvailable: New data are waiting to be received, but there is no subscriber to be notified. Not reading them from the stream.
TpTrace Verbose: 0 : 15720, 7, 2023/09/05, 13:40:14.750, 910593620905, vstest.console.dll, TcpClientExtensions.MessageLoopAsync: Polling on remoteEndPoint: 127.0.0.1:56162 localEndPoint: 127.0.0.1:56161
TpTrace Verbose: 0 : 15720, 7, 2023/09/05, 13:40:14.750, 910593621314, vstest.console.dll, TcpClientExtensions.MessageLoopAsync: NotifyDataAvailable remoteEndPoint: 127.0.0.1:56162 localEndPoint: 127.0.0.1:56161
TpTrace Verbose: 0 : 15720, 7, 2023/09/05, 13:40:14.750, 910593621639, vstest.console.dll, LengthPrefixCommunicationChannel.NotifyDataAvailable: New data are waiting to be received, but there is no subscriber to be notified. Not reading them from the stream.
TpTrace Verbose: 0 : 15720, 7, 2023/09/05, 13:40:14.750, 910593621922, vstest.console.dll, TcpClientExtensions.MessageLoopAsync: Polling on remoteEndPoint: 127.0.0.1:56162 localEndPoint: 127.0.0.1:56161
TpTrace Verbose: 0 : 15720, 7, 2023/09/05, 13:40:14.750, 910593622291, vstest.console.dll, TcpClientExtensions.MessageLoopAsync: NotifyDataAvailable remoteEndPoint: 127.0.0.1:56162 localEndPoint: 127.0.0.1:56161
TpTrace Verbose: 0 : 15720, 7, 2023/09/05, 13:40:14.750, 910593622602, vstest.console.dll, LengthPrefixCommunicationChannel.NotifyDataAvailable: New data are waiting to be received, but there is no subscriber to be notified. Not reading them from the stream.
TpTrace Verbose: 0 : 15720, 7, 2023/09/05, 13:40:14.750, 910593622884, vstest.console.dll, TcpClientExtensions.MessageLoopAsync: Polling on remoteEndPoint: 127.0.0.1:56162 localEndPoint: 127.0.0.1:56161
TpTrace Verbose: 0 : 15720, 7, 2023/09/05, 13:40:14.750, 910593623230, vstest.console.dll, TcpClientExtensions.MessageLoopAsync: NotifyDataAvailable remoteEndPoint: 127.0.0.1:56162 localEndPoint: 127.0.0.1:56161
TpTrace Verbose: 0 : 15720, 7, 2023/09/05, 13:40:14.751, 910593623547, vstest.console.dll, LengthPrefixCommunicationChannel.NotifyDataAvailable: New data are waiting to be received, but there is no subscriber to be notified. Not reading them from the stream.
TpTrace Verbose: 0 : 15720, 7, 2023/09/05, 13:40:14.751, 910593623831, vstest.console.dll, TcpClientExtensions.MessageLoopAsync: Polling on remoteEndPoint: 127.0.0.1:56162 localEndPoint: 127.0.0.1:56161
TpTrace Verbose: 0 : 15720, 7, 2023/09/05, 13:40:14.751, 910593624154, vstest.console.dll, TcpClientExtensions.MessageLoopAsync: NotifyDataAvailable remoteEndPoint: 127.0.0.1:56162 localEndPoint: 127.0.0.1:56161
TpTrace Verbose: 0 : 15720, 7, 2023/09/05, 13:40:14.751, 910593624457, vstest.console.dll, LengthPrefixCommunicationChannel.NotifyDataAvailable: New data are waiting to be received, but there is no subscriber to be notified. Not reading them from the stream.
TpTrace Verbose: 0 : 15720, 7, 2023/09/05, 13:40:14.751, 910593624785, vstest.console.dll, TcpClientExtensions.MessageLoopAsync: Polling on remoteEndPoint: 127.0.0.1:56162 localEndPoint: 127.0.0.1:56161
TpTrace Verbose: 0 : 15720, 7, 2023/09/05, 13:40:14.751, 910593625112, vstest.console.dll, TcpClientExtensions.MessageLoopAsync: NotifyDataAvailable remoteEndPoint: 127.0.0.1:56162 localEndPoint: 127.0.0.1:56161
TpTrace Warning: 0 : 15720, 5, 2023/09/05, 13:40:14.751, 910593625263, vstest.console.dll, InferRunSettingsHelper.MakeRunsettingsCompatible: Removing the following settings: TargetPlatform from RunSettings file. To use those settings please move to latest version of Microsoft.NET.Test.Sdk
TpTrace Verbose: 0 : 15720, 7, 2023/09/05, 13:40:14.751, 910593625415, vstest.console.dll, LengthPrefixCommunicationChannel.NotifyDataAvailable: New data are waiting to be received, but there is no subscriber to be notified. Not reading them from the stream.
TpTrace Verbose: 0 : 15720, 7, 2023/09/05, 13:40:14.751, 910593626422, vstest.console.dll, TcpClientExtensions.MessageLoopAsync: Polling on remoteEndPoint: 127.0.0.1:56162 localEndPoint: 127.0.0.1:56161
TpTrace Verbose: 0 : 15720, 7, 2023/09/05, 13:40:14.751, 910593626833, vstest.console.dll, TcpClientExtensions.MessageLoopAsync: NotifyDataAvailable remoteEndPoint: 127.0.0.1:56162 localEndPoint: 127.0.0.1:56161
TpTrace Verbose: 0 : 15720, 7, 2023/09/05, 13:40:14.751, 910593627075, vstest.console.dll, LengthPrefixCommunicationChannel.NotifyDataAvailable: New data are waiting to be received, but there is no subscriber to be notified. Not reading them from the stream.
TpTrace Verbose: 0 : 15720, 7, 2023/09/05, 13:40:14.751, 910593627427, vstest.console.dll, TcpClientExtensions.MessageLoopAsync: Polling on remoteEndPoint: 127.0.0.1:56162 localEndPoint: 127.0.0.1:56161
TpTrace Verbose: 0 : 15720, 7, 2023/09/05, 13:40:14.751, 910593627747, vstest.console.dll, TcpClientExtensions.MessageLoopAsync: NotifyDataAvailable remoteEndPoint: 127.0.0.1:56162 localEndPoint: 127.0.0.1:56161
TpTrace Verbose: 0 : 15720, 7, 2023/09/05, 13:40:14.751, 910593628059, vstest.console.dll, LengthPrefixCommunicationChannel.NotifyDataAvailable: New data are waiting to be received, but there is no subscriber to be notified. Not reading them from the stream.
TpTrace Verbose: 0 : 15720, 7, 2023/09/05, 13:40:14.751, 910593628330, vstest.console.dll, TcpClientExtensions.MessageLoopAsync: Polling on remoteEndPoint: 127.0.0.1:56162 localEndPoint: 127.0.0.1:56161
TpTrace Verbose: 0 : 15720, 7, 2023/09/05, 13:40:14.751, 910593628641, vstest.console.dll, TcpClientExtensions.MessageLoopAsync: NotifyDataAvailable remoteEndPoint: 127.0.0.1:56162 localEndPoint: 127.0.0.1:56161
TpTrace Verbose: 0 : 15720, 7, 2023/09/05, 13:40:14.751, 910593628997, vstest.console.dll, LengthPrefixCommunicationChannel.NotifyDataAvailable: New data are waiting to be received, but there is no subscriber to be notified. Not reading them from the stream.
TpTrace Verbose: 0 : 15720, 7, 2023/09/05, 13:40:14.751, 910593629203, vstest.console.dll, TcpClientExtensions.MessageLoopAsync: Polling on remoteEndPoint: 127.0.0.1:56162 localEndPoint: 127.0.0.1:56161
TpTrace Verbose: 0 : 15720, 7, 2023/09/05, 13:40:14.751, 910593629412, vstest.console.dll, TcpClientExtensions.MessageLoopAsync: NotifyDataAvailable remoteEndPoint: 127.0.0.1:56162 localEndPoint: 127.0.0.1:56161
TpTrace Verbose: 0 : 15720, 7, 2023/09/05, 13:40:14.751, 910593629595, vstest.console.dll, LengthPrefixCommunicationChannel.NotifyDataAvailable: New data are waiting to be received, but there is no subscriber to be notified. Not reading them from the stream.
TpTrace Verbose: 0 : 15720, 7, 2023/09/05, 13:40:14.751, 910593629770, vstest.console.dll, TcpClientExtensions.MessageLoopAsync: Polling on remoteEndPoint: 127.0.0.1:56162 localEndPoint: 127.0.0.1:56161
TpTrace Verbose: 0 : 15720, 7, 2023/09/05, 13:40:14.751, 910593629961, vstest.console.dll, TcpClientExtensions.MessageLoopAsync: NotifyDataAvailable remoteEndPoint: 127.0.0.1:56162 localEndPoint: 127.0.0.1:56161
TpTrace Verbose: 0 : 15720, 7, 2023/09/05, 13:40:14.751, 910593630167, vstest.console.dll, LengthPrefixCommunicationChannel.NotifyDataAvailable: New data are waiting to be received, but there is no subscriber to be notified. Not reading them from the stream.
TpTrace Verbose: 0 : 15720, 7, 2023/09/05, 13:40:14.751, 910593630362, vstest.console.dll, TcpClientExtensions.MessageLoopAsync: Polling on remoteEndPoint: 127.0.0.1:56162 localEndPoint: 127.0.0.1:56161
TpTrace Verbose: 0 : 15720, 7, 2023/09/05, 13:40:14.751, 910593630558, vstest.console.dll, TcpClientExtensions.MessageLoopAsync: NotifyDataAvailable remoteEndPoint: 127.0.0.1:56162 localEndPoint: 127.0.0.1:56161
TpTrace Verbose: 0 : 15720, 7, 2023/09/05, 13:40:14.752, 910593633436, vstest.console.dll, TestRequestSender.OnExecutionMessageReceived: Received message: {"Version":7,"MessageType":"TestSession.Message","Payload":{"MessageLevel":0,"Message":"Registro em log do diagnóstico TestHost no arquivo: D:\\newRepQS\\testesQS\\QualidadeSW\\triangulo.testes\\bin\\Debug\\net6.0\\fine-code-coverage\\coverage-tool-output\\diagnostics.host.23-09-05_13-40-14_32092_5.log"}}
TpTrace Verbose: 0 : 15720, 7, 2023/09/05, 13:40:14.754, 910593659940, vstest.console.dll, TestRunRequest:SendTestRunMessage: Starting.
TpTrace Verbose: 0 : 15720, 7, 2023/09/05, 13:40:14.754, 910593661736, vstest.console.dll, MulticastDelegateUtilities.SafeInvoke: TestRun.LogMessages: Invoking callback 1/1 for Microsoft.VisualStudio.TestPlatform.CommandLine.TestRunResultAggregator., took 0 ms.
TpTrace Verbose: 0 : 15720, 4, 2023/09/05, 13:40:14.754, 910593661819, vstest.console.dll, MulticastDelegateUtilities.SafeInvoke: InternalTestLoggerEvents.SendTestRunMessage: Invoking callback 1/1 for Microsoft.VisualStudio.TestPlatform.CommandLine.Internal.ConsoleLogger., took 0 ms.
TpTrace Information: 0 : 15720, 7, 2023/09/05, 13:40:14.754, 910593662274, vstest.console.dll, TestRunRequest:SendTestRunMessage: Completed.
TpTrace Verbose: 0 : 15720, 7, 2023/09/05, 13:40:14.754, 910593663379, vstest.console.dll, MulticastDelegateUtilities.SafeInvoke: LengthPrefixCommunicationChannel: MessageReceived: Invoking callback 1/1 for Microsoft.VisualStudio.TestPlatform.CommunicationUtilities.TestRequestSender+<>c__DisplayClass34_0., took 3 ms.
TpTrace Verbose: 0 : 15720, 7, 2023/09/05, 13:40:14.755, 910593663827, vstest.console.dll, TcpClientExtensions.MessageLoopAsync: Polling on remoteEndPoint: 127.0.0.1:56162 localEndPoint: 127.0.0.1:56161
TpTrace Verbose: 0 : 15720, 5, 2023/09/05, 13:40:14.763, 910593747857, vstest.console.dll, TestRequestSender.StartTestRun: Sending test run with message: {"Version":7,"MessageType":"TestExecution.StartWithSources","Payload":{"AdapterSourceMap":{"_none_":["D:\\newRepQS\\testesQS\\QualidadeSW\\triangulo.testes\\bin\\Debug\\net6.0\\fine-code-coverage\\build-output\\triangulo.testes.dll"]},"RunSettings":"<RunSettings>\r\n  <RunConfiguration>\r\n    <ResultsDirectory>D:\\newRepQS\\testesQS\\QualidadeSW\\triangulo.testes\\bin\\Debug\\net6.0\\fine-code-coverage\\coverage-tool-output</ResultsDirectory>\r\n    <TargetFrameworkVersion>.NETCoreApp,Version=v6.0</TargetFrameworkVersion>\r\n    <DesignMode>False</DesignMode>\r\n    <CollectSourceInformation>False</CollectSourceInformation>\r\n  </RunConfiguration>\r\n  <LoggerRunSettings>\r\n    <Loggers>\r\n      <Logger friendlyName=\"blame\" enabled=\"True\" />\r\n      <Logger friendlyName=\"Console\" uri=\"logger://microsoft/TestPlatform/ConsoleLogger/v1\" assemblyQualifiedName=\"Microsoft.VisualStudio.TestPlatform.CommandLine.Internal.ConsoleLogger, vstest.console, Version=15.0.0.0, Culture=neutral, PublicKeyToken=b03f5f7f11d50a3a\" codeBase=\"C:\\Program Files\\dotnet\\sdk\\7.0.306\\vstest.console.dll\" enabled=\"True\" />\r\n    </Loggers>\r\n  </LoggerRunSettings>\r\n  <DataCollectionRunSettings>\r\n    <DataCollectors>\r\n      <DataCollector friendlyName=\"blame\" enabled=\"True\">\r\n        <Configuration>\r\n          <ResultsDirectory>D:\\newRepQS\\testesQS\\QualidadeSW\\triangulo.testes\\bin\\Debug\\net6.0\\fine-code-coverage\\coverage-tool-output</ResultsDirectory>\r\n        </Configuration>\r\n      </DataCollector>\r\n    </DataCollectors>\r\n  </DataCollectionRunSettings>\r\n</RunSettings>","TestExecutionContext":{"FrequencyOfRunStatsChangeEvent":10,"RunStatsChangeEventTimeout":"00:00:01.5000000","InIsolation":false,"KeepAlive":false,"AreTestCaseLevelEventsRequired":false,"IsDebug":false,"TestCaseFilter":null,"FilterOptions":null},"Package":null}}
TpTrace Verbose: 0 : 15720, 7, 2023/09/05, 13:40:14.935, 910595465789, vstest.console.dll, TcpClientExtensions.MessageLoopAsync: NotifyDataAvailable remoteEndPoint: 127.0.0.1:56162 localEndPoint: 127.0.0.1:56161
TpTrace Verbose: 0 : 15720, 7, 2023/09/05, 13:40:14.935, 910595467254, vstest.console.dll, TestRequestSender.OnExecutionMessageReceived: Received message: {"Version":7,"MessageType":"TestSession.Message","Payload":{"MessageLevel":0,"Message":"[xUnit.net 00:00:00.00] xUnit.net VSTest Adapter v2.4.5+1caef2f33e (64-bit .NET 6.0.20)"}}
TpTrace Verbose: 0 : 15720, 7, 2023/09/05, 13:40:14.935, 910595469871, vstest.console.dll, TestRunRequest:SendTestRunMessage: Starting.
TpTrace Verbose: 0 : 15720, 7, 2023/09/05, 13:40:14.935, 910595470620, vstest.console.dll, MulticastDelegateUtilities.SafeInvoke: TestRun.LogMessages: Invoking callback 1/1 for Microsoft.VisualStudio.TestPlatform.CommandLine.TestRunResultAggregator., took 0 ms.
TpTrace Verbose: 0 : 15720, 4, 2023/09/05, 13:40:14.935, 910595471040, vstest.console.dll, MulticastDelegateUtilities.SafeInvoke: InternalTestLoggerEvents.SendTestRunMessage: Invoking callback 1/1 for Microsoft.VisualStudio.TestPlatform.CommandLine.Internal.ConsoleLogger., took 0 ms.
TpTrace Information: 0 : 15720, 7, 2023/09/05, 13:40:14.935, 910595471080, vstest.console.dll, TestRunRequest:SendTestRunMessage: Completed.
TpTrace Verbose: 0 : 15720, 7, 2023/09/05, 13:40:14.936, 910595474720, vstest.console.dll, MulticastDelegateUtilities.SafeInvoke: LengthPrefixCommunicationChannel: MessageReceived: Invoking callback 1/1 for Microsoft.VisualStudio.TestPlatform.CommunicationUtilities.TestRequestSender+<>c__DisplayClass34_0., took 0 ms.
TpTrace Verbose: 0 : 15720, 7, 2023/09/05, 13:40:14.936, 910595475013, vstest.console.dll, TcpClientExtensions.MessageLoopAsync: Polling on remoteEndPoint: 127.0.0.1:56162 localEndPoint: 127.0.0.1:56161
TpTrace Verbose: 0 : 15720, 7, 2023/09/05, 13:40:15.383, 910599951287, vstest.console.dll, TcpClientExtensions.MessageLoopAsync: NotifyDataAvailable remoteEndPoint: 127.0.0.1:56162 localEndPoint: 127.0.0.1:56161
TpTrace Verbose: 0 : 15720, 7, 2023/09/05, 13:40:15.384, 910599953562, vstest.console.dll, TestRequestSender.OnExecutionMessageReceived: Received message: {"Version":7,"MessageType":"TestSession.Message","Payload":{"MessageLevel":0,"Message":"[xUnit.net 00:00:00.45]   Discovering: triangulo.testes"}}
TpTrace Verbose: 0 : 15720, 7, 2023/09/05, 13:40:15.384, 910599955758, vstest.console.dll, TestRunRequest:SendTestRunMessage: Starting.
TpTrace Verbose: 0 : 15720, 7, 2023/09/05, 13:40:15.384, 910599956456, vstest.console.dll, MulticastDelegateUtilities.SafeInvoke: TestRun.LogMessages: Invoking callback 1/1 for Microsoft.VisualStudio.TestPlatform.CommandLine.TestRunResultAggregator., took 0 ms.
TpTrace Information: 0 : 15720, 7, 2023/09/05, 13:40:15.384, 910599956657, vstest.console.dll, TestRunRequest:SendTestRunMessage: Completed.
TpTrace Verbose: 0 : 15720, 4, 2023/09/05, 13:40:15.384, 910599956713, vstest.console.dll, MulticastDelegateUtilities.SafeInvoke: InternalTestLoggerEvents.SendTestRunMessage: Invoking callback 1/1 for Microsoft.VisualStudio.TestPlatform.CommandLine.Internal.ConsoleLogger., took 0 ms.
TpTrace Verbose: 0 : 15720, 7, 2023/09/05, 13:40:15.384, 910599956831, vstest.console.dll, MulticastDelegateUtilities.SafeInvoke: LengthPrefixCommunicationChannel: MessageReceived: Invoking callback 1/1 for Microsoft.VisualStudio.TestPlatform.CommunicationUtilities.TestRequestSender+<>c__DisplayClass34_0., took 0 ms.
TpTrace Verbose: 0 : 15720, 7, 2023/09/05, 13:40:15.384, 910599957556, vstest.console.dll, TcpClientExtensions.MessageLoopAsync: Polling on remoteEndPoint: 127.0.0.1:56162 localEndPoint: 127.0.0.1:56161
TpTrace Verbose: 0 : 15720, 7, 2023/09/05, 13:40:15.421, 910600328986, vstest.console.dll, TcpClientExtensions.MessageLoopAsync: NotifyDataAvailable remoteEndPoint: 127.0.0.1:56162 localEndPoint: 127.0.0.1:56161
TpTrace Verbose: 0 : 15720, 7, 2023/09/05, 13:40:15.421, 910600330572, vstest.console.dll, TestRequestSender.OnExecutionMessageReceived: Received message: {"Version":7,"MessageType":"TestSession.Message","Payload":{"MessageLevel":0,"Message":"[xUnit.net 00:00:00.49]   Discovered:  triangulo.testes"}}
TpTrace Verbose: 0 : 15720, 7, 2023/09/05, 13:40:15.421, 910600331796, vstest.console.dll, TestRunRequest:SendTestRunMessage: Starting.
TpTrace Verbose: 0 : 15720, 7, 2023/09/05, 13:40:15.421, 910600332369, vstest.console.dll, MulticastDelegateUtilities.SafeInvoke: TestRun.LogMessages: Invoking callback 1/1 for Microsoft.VisualStudio.TestPlatform.CommandLine.TestRunResultAggregator., took 0 ms.
TpTrace Verbose: 0 : 15720, 4, 2023/09/05, 13:40:15.421, 910600332532, vstest.console.dll, MulticastDelegateUtilities.SafeInvoke: InternalTestLoggerEvents.SendTestRunMessage: Invoking callback 1/1 for Microsoft.VisualStudio.TestPlatform.CommandLine.Internal.ConsoleLogger., took 0 ms.
TpTrace Information: 0 : 15720, 7, 2023/09/05, 13:40:15.421, 910600332665, vstest.console.dll, TestRunRequest:SendTestRunMessage: Completed.
TpTrace Verbose: 0 : 15720, 7, 2023/09/05, 13:40:15.422, 910600333596, vstest.console.dll, MulticastDelegateUtilities.SafeInvoke: LengthPrefixCommunicationChannel: MessageReceived: Invoking callback 1/1 for Microsoft.VisualStudio.TestPlatform.CommunicationUtilities.TestRequestSender+<>c__DisplayClass34_0., took 0 ms.
TpTrace Verbose: 0 : 15720, 7, 2023/09/05, 13:40:15.422, 910600333974, vstest.console.dll, TcpClientExtensions.MessageLoopAsync: Polling on remoteEndPoint: 127.0.0.1:56162 localEndPoint: 127.0.0.1:56161
TpTrace Verbose: 0 : 15720, 7, 2023/09/05, 13:40:15.424, 910600360855, vstest.console.dll, TcpClientExtensions.MessageLoopAsync: NotifyDataAvailable remoteEndPoint: 127.0.0.1:56162 localEndPoint: 127.0.0.1:56161
TpTrace Verbose: 0 : 15720, 7, 2023/09/05, 13:40:15.424, 910600362192, vstest.console.dll, TestRequestSender.OnExecutionMessageReceived: Received message: {"Version":7,"MessageType":"TestSession.Message","Payload":{"MessageLevel":0,"Message":"[xUnit.net 00:00:00.49]   Starting:    triangulo.testes"}}
TpTrace Verbose: 0 : 15720, 7, 2023/09/05, 13:40:15.424, 910600363334, vstest.console.dll, TestRunRequest:SendTestRunMessage: Starting.
TpTrace Verbose: 0 : 15720, 7, 2023/09/05, 13:40:15.425, 910600363882, vstest.console.dll, MulticastDelegateUtilities.SafeInvoke: TestRun.LogMessages: Invoking callback 1/1 for Microsoft.VisualStudio.TestPlatform.CommandLine.TestRunResultAggregator., took 0 ms.
TpTrace Information: 0 : 15720, 7, 2023/09/05, 13:40:15.425, 910600364114, vstest.console.dll, TestRunRequest:SendTestRunMessage: Completed.
TpTrace Verbose: 0 : 15720, 4, 2023/09/05, 13:40:15.425, 910600364142, vstest.console.dll, MulticastDelegateUtilities.SafeInvoke: InternalTestLoggerEvents.SendTestRunMessage: Invoking callback 1/1 for Microsoft.VisualStudio.TestPlatform.CommandLine.Internal.ConsoleLogger., took 0 ms.
TpTrace Verbose: 0 : 15720, 7, 2023/09/05, 13:40:15.425, 910600364922, vstest.console.dll, MulticastDelegateUtilities.SafeInvoke: LengthPrefixCommunicationChannel: MessageReceived: Invoking callback 1/1 for Microsoft.VisualStudio.TestPlatform.CommunicationUtilities.TestRequestSender+<>c__DisplayClass34_0., took 0 ms.
TpTrace Verbose: 0 : 15720, 7, 2023/09/05, 13:40:15.425, 910600365272, vstest.console.dll, TcpClientExtensions.MessageLoopAsync: Polling on remoteEndPoint: 127.0.0.1:56162 localEndPoint: 127.0.0.1:56161
TpTrace Verbose: 0 : 15720, 7, 2023/09/05, 13:40:15.529, 910601410451, vstest.console.dll, TcpClientExtensions.MessageLoopAsync: NotifyDataAvailable remoteEndPoint: 127.0.0.1:56162 localEndPoint: 127.0.0.1:56161
TpTrace Verbose: 0 : 15720, 7, 2023/09/05, 13:40:15.529, 910601411620, vstest.console.dll, TestRequestSender.OnExecutionMessageReceived: Received message: {"Version":7,"MessageType":"TestSession.Message","Payload":{"MessageLevel":0,"Message":"[xUnit.net 00:00:00.59]   Finished:    triangulo.testes"}}
TpTrace Verbose: 0 : 15720, 7, 2023/09/05, 13:40:15.529, 910601412770, vstest.console.dll, TestRunRequest:SendTestRunMessage: Starting.
TpTrace Verbose: 0 : 15720, 7, 2023/09/05, 13:40:15.529, 910601413245, vstest.console.dll, MulticastDelegateUtilities.SafeInvoke: TestRun.LogMessages: Invoking callback 1/1 for Microsoft.VisualStudio.TestPlatform.CommandLine.TestRunResultAggregator., took 0 ms.
TpTrace Information: 0 : 15720, 7, 2023/09/05, 13:40:15.530, 910601413435, vstest.console.dll, TestRunRequest:SendTestRunMessage: Completed.
TpTrace Verbose: 0 : 15720, 7, 2023/09/05, 13:40:15.530, 910601413607, vstest.console.dll, MulticastDelegateUtilities.SafeInvoke: LengthPrefixCommunicationChannel: MessageReceived: Invoking callback 1/1 for Microsoft.VisualStudio.TestPlatform.CommunicationUtilities.TestRequestSender+<>c__DisplayClass34_0., took 0 ms.
TpTrace Verbose: 0 : 15720, 7, 2023/09/05, 13:40:15.530, 910601413812, vstest.console.dll, TcpClientExtensions.MessageLoopAsync: Polling on remoteEndPoint: 127.0.0.1:56162 localEndPoint: 127.0.0.1:56161
TpTrace Verbose: 0 : 15720, 4, 2023/09/05, 13:40:15.530, 910601413858, vstest.console.dll, MulticastDelegateUtilities.SafeInvoke: InternalTestLoggerEvents.SendTestRunMessage: Invoking callback 1/1 for Microsoft.VisualStudio.TestPlatform.CommandLine.Internal.ConsoleLogger., took 0 ms.
TpTrace Verbose: 0 : 15720, 7, 2023/09/05, 13:40:15.564, 910601757116, vstest.console.dll, TcpClientExtensions.MessageLoopAsync: NotifyDataAvailable remoteEndPoint: 127.0.0.1:56162 localEndPoint: 127.0.0.1:56161
TpTrace Verbose: 0 : 15720, 7, 2023/09/05, 13:40:15.564, 910601758745, vstest.console.dll, TestRequestSender.OnExecutionMessageReceived: Received message: {"Version":7,"MessageType":"TestExecution.Completed","Payload":{"TestRunCompleteArgs":{"TestRunStatistics":{"ExecutedTests":3,"Stats":{"Passed":3}},"IsCanceled":false,"IsAborted":false,"Error":null,"AttachmentSets":[],"InvokedDataCollectors":[],"ElapsedTimeInRunningTests":"00:00:00.6105171","Metrics":{},"DiscoveredExtensions":{"TestDiscoverers":["Xunit.Runner.VisualStudio.VsTestRunner, xunit.runner.visualstudio.dotnetcore.testadapter, Version=2.4.0.0, Culture=neutral, PublicKeyToken=8d05b1bb7a6fdb6c"],"TestExecutors":["executor://xunit/VsTestRunner2/netcoreapp"],"TestExecutors2":[],"TestSettingsProviders":[]}},"LastRunTests":{"NewTestResults":[{"TestCase":{"Id":"de9cc449-985b-fe38-3307-f9182b1e40df","FullyQualifiedName":"triangulo.testes.trianguloteste.ehtriangulo","DisplayName":"triangulo.testes.trianguloteste.ehtriangulo","ExecutorUri":"executor://xunit/VsTestRunner2/netcoreapp","Source":"D:\\newRepQS\\testesQS\\QualidadeSW\\triangulo.testes\\bin\\Debug\\net6.0\\fine-code-coverage\\build-output\\triangulo.testes.dll","CodeFilePath":null,"LineNumber":0,"Properties":[]},"Attachments":[],"Outcome":1,"ErrorMessage":null,"ErrorStackTrace":null,"DisplayName":"triangulo.testes.trianguloteste.ehtriangulo","Messages":[],"ComputerName":"MADMAX","Duration":"00:00:00.0077956","StartTime":"2023-09-05T16:40:15.5076402+00:00","EndTime":"2023-09-05T16:40:15.5076643+00:00","Properties":[]},{"TestCase":{"Id":"db55a1d7-ad55-2739-f548-daab90e14abc","FullyQualifiedName":"triangulo.testes.trianguloteste.tipotriangulo","DisplayName":"triangulo.testes.trianguloteste.tipotriangulo","ExecutorUri":"executor://xunit/VsTestRunner2/netcoreapp","Source":"D:\\newRepQS\\testesQS\\QualidadeSW\\triangulo.testes\\bin\\Debug\\net6.0\\fine-code-coverage\\build-output\\triangulo.testes.dll","CodeFilePath":null,"LineNumber":0,"Properties":[]},"Attachments":[],"Outcome":1,"ErrorMessage":null,"ErrorStackTrace":null,"DisplayName":"triangulo.testes.trianguloteste.tipotriangulo","Messages":[],"ComputerName":"MADMAX","Duration":"00:00:00.0010640","StartTime":"2023-09-05T16:40:15.5258473+00:00","EndTime":"2023-09-05T16:40:15.5258481+00:00","Properties":[]},{"TestCase":{"Id":"82d5a1a4-e51f-14d7-cd22-8661fffbd0b6","FullyQualifiedName":"triangulo.testes.trianguloteste.numValido","DisplayName":"triangulo.testes.trianguloteste.numValido","ExecutorUri":"executor://xunit/VsTestRunner2/netcoreapp","Source":"D:\\newRepQS\\testesQS\\QualidadeSW\\triangulo.testes\\bin\\Debug\\net6.0\\fine-code-coverage\\build-output\\triangulo.testes.dll","CodeFilePath":null,"LineNumber":0,"Properties":[]},"Attachments":[],"Outcome":1,"ErrorMessage":null,"ErrorStackTrace":null,"DisplayName":"triangulo.testes.trianguloteste.numValido","Messages":[],"ComputerName":"MADMAX","Duration":"00:00:00.0002420","StartTime":"2023-09-05T16:40:15.5278727+00:00","EndTime":"2023-09-05T16:40:15.5278727+00:00","Properties":[]}],"TestRunStatistics":{"ExecutedTests":3,"Stats":{"Passed":3}},"ActiveTests":[]},"RunAttachments":[],"ExecutorUris":["executor://xunit/VsTestRunner2/netcoreapp"]}}
TpTrace Verbose: 0 : 15720, 7, 2023/09/05, 13:40:15.564, 910601759560, vstest.console.dll, TestRequestSender.EndSession: Sending end session.
TpTrace Verbose: 0 : 15720, 7, 2023/09/05, 13:40:15.564, 910601761240, vstest.console.dll, ProxyOperationManager.Close: waiting for test host to exit for 100 ms
TpTrace Warning: 0 : 15720, 11, 2023/09/05, 13:40:15.625, 910602367098, vstest.console.dll, TestHostManagerCallbacks.ErrorReceivedCallback Test host standard error line: 
TpTrace Verbose: 0 : 15720, 11, 2023/09/05, 13:40:15.637, 910602487043, vstest.console.dll, TestHostProvider.ExitCallBack: Host exited starting callback.
TpTrace Information: 0 : 15720, 11, 2023/09/05, 13:40:15.637, 910602488786, vstest.console.dll, TestHostManagerCallbacks.ExitCallBack: Testhost processId: 8944 exited with exitcode: 0 error: ''
TpTrace Verbose: 0 : 15720, 11, 2023/09/05, 13:40:15.637, 910602489214, vstest.console.dll, DotnetTestHostManager.OnHostExited: invoking OnHostExited callback
TpTrace Verbose: 0 : 15720, 11, 2023/09/05, 13:40:15.637, 910602489739, vstest.console.dll, CrossPlatEngine.TestHostManagerHostExited: calling on client process exit callback.
TpTrace Information: 0 : 15720, 11, 2023/09/05, 13:40:15.637, 910602490281, vstest.console.dll, TestRequestSender.OnClientProcessExit: Test host process exited. Standard error: 
TpTrace Information: 0 : 15720, 11, 2023/09/05, 13:40:15.637, 910602490711, vstest.console.dll, SocketServer.Stop: Stop server endPoint: 127.0.0.1:56161
TpTrace Information: 0 : 15720, 11, 2023/09/05, 13:40:15.637, 910602490994, vstest.console.dll, SocketServer.Stop: Cancellation requested. Stopping message loop.
TpTrace Information: 0 : 15720, 7, 2023/09/05, 13:40:15.637, 910602491468, vstest.console.dll, SocketServer.Stop: Stop server endPoint: 127.0.0.1:56161
TpTrace Information: 0 : 15720, 7, 2023/09/05, 13:40:15.637, 910602491989, vstest.console.dll, SocketServer.Stop: Cancellation requested. Stopping message loop.
TpTrace Verbose: 0 : 15720, 11, 2023/09/05, 13:40:15.637, 910602492206, vstest.console.dll, MulticastDelegateUtilities.SafeInvoke: HostProviderEvents.OnHostExited: Invoking callback 1/1 for Microsoft.VisualStudio.TestPlatform.CrossPlatEngine.Client.ProxyOperationManager., took 0 ms.
TpTrace Information: 0 : 15720, 7, 2023/09/05, 13:40:15.637, 910602492439, vstest.console.dll, Closing the connection
TpTrace Verbose: 0 : 15720, 7, 2023/09/05, 13:40:15.638, 910602495087, vstest.console.dll, ProxyDataCollectionManager.InvokeDataCollectionServiceAction: Starting.
TpTrace Information: 0 : 15720, 7, 2023/09/05, 13:40:15.638, 910602500027, vstest.console.dll, ProxyDataCollectionManager.AfterTestRunEnd: Get attachment set and invoked data collectors processId: 21268 port: 56158
TpTrace Verbose: 0 : 15720, 7, 2023/09/05, 13:40:15.638, 910602500841, vstest.console.dll, DataCollectionRequestSender.SendAfterTestRunStartAndGetResult: Send AfterTestRunEnd message with isCancelled: False
TpTrace Verbose: 0 : 15720, 7, 2023/09/05, 13:40:15.649, 910602610857, vstest.console.dll, DataCollectionRequestSender.SendAfterTestRunStartAndGetResult: Received message: (DataCollection.AfterTestRunEndResult) -> {"MessageType":"DataCollection.AfterTestRunEndResult","Payload":{"AttachmentSets":[],"InvokedDataCollectors":[{"Uri":"datacollector://Microsoft/TestPlatform/Extensions/Blame/v1","FriendlyName":"Blame","AssemblyQualifiedName":"Microsoft.TestPlatform.Extensions.BlameDataCollector.BlameCollector, Microsoft.TestPlatform.Extensions.BlameDataCollector, Version=15.0.0.0, Culture=neutral, PublicKeyToken=b03f5f7f11d50a3a","FilePath":"C:\\Program Files\\dotnet\\sdk\\7.0.306\\Extensions\\Microsoft.TestPlatform.Extensions.BlameDataCollector.dll","HasAttachmentProcessor":false}],"Metrics":{}}}
TpTrace Information: 0 : 15720, 7, 2023/09/05, 13:40:15.658, 910602693637, vstest.console.dll, ProxyDataCollectionManager.InvokeDataCollectionServiceAction: Completed.
TpTrace Warning: 0 : 15720, 10, 2023/09/05, 13:40:15.695, 910603064170, vstest.console.dll, DataCollectionLauncher.ErrorReceivedCallback datacollector standard error line: 
TpTrace Information: 0 : 15720, 10, 2023/09/05, 13:40:15.708, 910603202647, vstest.console.dll, DataCollectionLauncher.ExitCallBack: Data collector exited with exitcode: 0 error: ''
TpTrace Verbose: 0 : 15720, 7, 2023/09/05, 13:40:15.741, 910603529204, vstest.console.dll, TestRunRequest:SendTestRunStatsChange: Starting.
TpTrace Verbose: 0 : 15720, 7, 2023/09/05, 13:40:15.741, 910603532131, vstest.console.dll, MulticastDelegateUtilities.SafeInvoke: TestRun.RunStatsChanged: Invoking callbacks was skipped because there are no subscribers.
TpTrace Information: 0 : 15720, 7, 2023/09/05, 13:40:15.741, 910603532679, vstest.console.dll, TestRunRequest:SendTestRunStatsChange: Completed.
TpTrace Verbose: 0 : 15720, 7, 2023/09/05, 13:40:15.742, 910603540189, vstest.console.dll, ParallelProxyExecutionManager: HandlePartialRunComplete: Total completed clients = 1, Run complete = True, Run canceled: False.
TpTrace Verbose: 0 : 15720, 4, 2023/09/05, 13:40:15.743, 910603548315, vstest.console.dll, MulticastDelegateUtilities.SafeInvoke: InternalTestLoggerEvents.SendTestResult: Invoking callback 1/1 for Microsoft.VisualStudio.TestPlatform.CommandLine.Internal.ConsoleLogger., took 1 ms.
TpTrace Verbose: 0 : 15720, 4, 2023/09/05, 13:40:15.743, 910603551316, vstest.console.dll, MulticastDelegateUtilities.SafeInvoke: InternalTestLoggerEvents.SendTestResult: Invoking callback 1/1 for Microsoft.VisualStudio.TestPlatform.CommandLine.Internal.ConsoleLogger., took 0 ms.
TpTrace Verbose: 0 : 15720, 4, 2023/09/05, 13:40:15.743, 910603552004, vstest.console.dll, MulticastDelegateUtilities.SafeInvoke: InternalTestLoggerEvents.SendTestResult: Invoking callback 1/1 for Microsoft.VisualStudio.TestPlatform.CommandLine.Internal.ConsoleLogger., took 0 ms.
TpTrace Verbose: 0 : 15720, 4, 2023/09/05, 13:40:15.751, 910603629672, vstest.console.dll, MulticastDelegateUtilities.SafeInvoke: InternalTestLoggerEvents.SendTestRunComplete: Invoking callback 1/2 for Microsoft.TestPlatform.Extensions.BlameDataCollector.BlameLogger., took 0 ms.
TpTrace Verbose: 0 : 15720, 4, 2023/09/05, 13:40:15.757, 910603685191, vstest.console.dll, MulticastDelegateUtilities.SafeInvoke: InternalTestLoggerEvents.SendTestRunComplete: Invoking callback 2/2 for Microsoft.VisualStudio.TestPlatform.CommandLine.Internal.ConsoleLogger., took 5 ms.
TpTrace Verbose: 0 : 15720, 7, 2023/09/05, 13:40:15.757, 910603688291, vstest.console.dll, TestRunRequest:TestRunComplete: Starting. IsAborted:False IsCanceled:False.
TpTrace Verbose: 0 : 15720, 7, 2023/09/05, 13:40:15.759, 910603705997, vstest.console.dll, TestLoggerManager.HandleTestRunComplete: Ignoring as the object is disposed.
TpTrace Verbose: 0 : 15720, 7, 2023/09/05, 13:40:15.759, 910603708416, vstest.console.dll, MulticastDelegateUtilities.SafeInvoke: TestRun.TestRunComplete: Invoking callback 1/2 for Microsoft.VisualStudio.TestPlatform.CommandLine.TestRunResultAggregator., took 0 ms.
TpTrace Verbose: 0 : 15720, 7, 2023/09/05, 13:40:15.759, 910603709542, vstest.console.dll, MulticastDelegateUtilities.SafeInvoke: TestRun.TestRunComplete: Invoking callback 2/2 for Microsoft.VisualStudio.TestPlatform.CommandLine.Processors.RunTestsArgumentExecutor+TestRunRequestEventsRegistrar., took 0 ms.
TpTrace Information: 0 : 15720, 7, 2023/09/05, 13:40:15.759, 910603710279, vstest.console.dll, TestRunRequest:TestRunComplete: Completed.
TpTrace Verbose: 0 : 15720, 7, 2023/09/05, 13:40:15.759, 910603710585, vstest.console.dll, TestRequestSender.SetOperationComplete: Setting operation complete.
TpTrace Verbose: 0 : 15720, 1, 2023/09/05, 13:40:15.759, 910603710735, vstest.console.dll, TestRunRequest.Dispose: Starting.
TpTrace Information: 0 : 15720, 7, 2023/09/05, 13:40:15.759, 910603710848, vstest.console.dll, SocketServer.Stop: Stop server endPoint: 127.0.0.1:56161
TpTrace Information: 0 : 15720, 1, 2023/09/05, 13:40:15.759, 910603711308, vstest.console.dll, TestRunRequest.Dispose: Completed.
TpTrace Information: 0 : 15720, 7, 2023/09/05, 13:40:15.759, 910603711573, vstest.console.dll, SocketServer.Stop: Cancellation requested. Stopping message loop.
TpTrace Information: 0 : 15720, 1, 2023/09/05, 13:40:15.759, 910603711963, vstest.console.dll, TestRequestManager.RunTests: run tests completed.
TpTrace Verbose: 0 : 15720, 7, 2023/09/05, 13:40:15.759, 910603712167, vstest.console.dll, MulticastDelegateUtilities.SafeInvoke: LengthPrefixCommunicationChannel: MessageReceived: Invoking callback 1/1 for Microsoft.VisualStudio.TestPlatform.CommunicationUtilities.TestRequestSender+<>c__DisplayClass34_0., took 195 ms.
TpTrace Information: 0 : 15720, 7, 2023/09/05, 13:40:15.759, 910603712569, vstest.console.dll, SocketServer.PrivateStop: Stopping server endPoint: 127.0.0.1:56161 error: 
TpTrace Information: 0 : 15720, 1, 2023/09/05, 13:40:15.759, 910603712886, vstest.console.dll, RunTestsArgumentProcessor:Execute: Test run is completed.
TpTrace Verbose: 0 : 15720, 1, 2023/09/05, 13:40:15.760, 910603714579, vstest.console.dll, Executor.Execute: Exiting with exit code of 0
TpTrace Verbose: 0 : 15720, 7, 2023/09/05, 13:40:15.760, 910603716042, vstest.console.dll, LengthPrefixCommunicationChannel.Dispose: Dispose reader and writer.
TpTrace Information: 0 : 15720, 7, 2023/09/05, 13:40:15.760, 910603716751, vstest.console.dll, SocketServer.Stop: Raise disconnected event endPoint: 127.0.0.1:56161 error: 
TpTrace Verbose: 0 : 15720, 7, 2023/09/05, 13:40:15.760, 910603717420, vstest.console.dll, TestRequestSender: OnTestRunAbort: Operation is already complete. Skip error message.
TpTrace Verbose: 0 : 15720, 7, 2023/09/05, 13:40:15.760, 910603717691, vstest.console.dll, MulticastDelegateUtilities.SafeInvoke: SocketServer: ClientDisconnected: Invoking callback 1/1 for Microsoft.VisualStudio.TestPlatform.CommunicationUtilities.TestRequestSender., took 0 ms.
TpTrace Verbose: 0 : 15720, 7, 2023/09/05, 13:40:15.760, 910603717920, vstest.console.dll, TcpClientExtensions.MessageLoopAsync: exiting MessageLoopAsync remoteEndPoint: 127.0.0.1:56162 localEndPoint: 127.0.0.1:56161
